sample.interval=20000
"==" "which" "FUN" "lapply" 
"which" "FUN" "lapply" 
"rbinom" "dSurvival" 
".External" "rnorm" "dWeight" 
".External" "plogis" "spawn" 
".External" "rnorm" "fecundity" 
".External" "rpois" "fecundity" 
"colSums" "matrix" 
"which" "FUN" "lapply" 
"which" "FUN" "lapply" 
".External" "rbinom" "dSurvival" 
"exp" "dLength" 
".External" "rnorm" "dWeight" 
".External" "rbinom" "spawn" 
"exp" "fecundity" 
".External" "rpois" "fecundity" 
"which" "FUN" "lapply" 
"which" "FUN" "lapply" 
".External" "rbinom" "dSurvival" 
"dLength" 
".External" "rnorm" "fecundity" 
".External" "rpois" "fecundity" 
">" 
"which" "FUN" "lapply" 
"==" "which" "FUN" "lapply" 
".External" "rnorm" "dWeight" 
".External" "rpois" "fecundity" 
">" 
"which" "FUN" "lapply" 
"floor" "dSurvival" 
"rnorm" "dWeight" 
".External" "rbinom" "spawn" 
".External" "rpois" "fecundity" 
">" 
".Call" "flush.console" "<Anonymous>" "setTxtProgressBar" 
"which" "FUN" "lapply" 
"exp" "dLength" 
"recruitment_to_population" 
"recruitment_to_population" 
".External" "rbinom" "spawn" 
".External" "rpois" "fecundity" 
">" 
"==" "which" "FUN" "lapply" 
"which" "FUN" "lapply" 
".External" "rnorm" "dWeight" 
".External" "rnorm" "fecundity" 
"which" "FUN" "lapply" 
"exp" "dLength" 
".External" "rbinom" "spawn" 
".External" "rpois" "fecundity" 
"==" "which" "FUN" "lapply" 
"floor" "dSurvival" 
"plogis" "spawn" 
".External" "rnorm" "fecundity" 
">" 
"colSums" "matrix" 
"which" "FUN" "lapply" 
".External" "rbinom" "dSurvival" 
"exp" "dLength" 
".External" "rbinom" "spawn" 
".External" "rpois" "fecundity" 
"==" "which" "FUN" "lapply" 
"exp" "dWeight" 
".External" "rpois" "fecundity" 
"which" "FUN" "lapply" 
".External" "rbinom" "spawn" 
".External" "rpois" "fecundity" 
"==" "which" "FUN" "lapply" 
"spawn" 
">" 
".Call" "flush.console" "<Anonymous>" "setTxtProgressBar" 
"/" "dSurvival" 
".External" "plogis" "spawn" 
".External" "rpois" "fecundity" 
"which" "FUN" "lapply" 
".External" "rnorm" "dWeight" 
".External" "rnorm" "fecundity" 
">" 
"which" "FUN" "lapply" 
".External" "rbinom" "dSurvival" 
".External" "rnorm" "fecundity" 
">" 
"==" "which" "FUN" "lapply" 
"rbinom" "dSurvival" 
"exp" "dLength" 
"==" "which" "FUN" "lapply" 
"recruitment_to_population" 
"recruitment_to_population" 
"recruitment_to_population" 
"recruitment_to_population" 
"recruitment_to_population" 
".External" "plogis" "spawn" 
".External" "rnorm" "fecundity" 
">" 
"==" "which" "FUN" "lapply" 
".External" "rbinom" "dSurvival" 
".External" "plogis" "spawn" 
".External" "rpois" "fecundity" 
"==" "which" "FUN" "lapply" 
".External" "rpois" "fecundity" 
"which" "FUN" "lapply" 
"dLength" 
">" 
".Call" "flush.console" "<Anonymous>" "setTxtProgressBar" 
"dSurvival" 
".External" "rnorm" "dWeight" 
"exp" "fecundity" 
"==" "which" "FUN" "lapply" 
".External" "rnorm" "dWeight" 
".External" "rpois" "fecundity" 
"==" "which" "FUN" "lapply" 
"*" "spawn" 
".External" "rpois" "fecundity" 
"is.na" "sort.int" "sort.default" "sort" "cbind" 
".External" "rnorm" "dWeight" 
".External" "rpois" "fecundity" 
"which" "FUN" "lapply" 
"dLength" 
".External" "rnorm" "fecundity" 
"==" "which" "FUN" "lapply" 
"exp" "dLength" 
".External" "plogis" "spawn" 
".External" "rnorm" "fecundity" 
">" 
".Call" "flush.console" "<Anonymous>" "setTxtProgressBar" 
"which" "FUN" "lapply" 
"fecundity" 
">" 
"==" "which" "FUN" "lapply" 
"spawn" 
">" 
"which" "FUN" "lapply" 
"recruitment_to_population" 
"recruitment_to_population" 
"recruitment_to_population" 
"recruitment_to_population" 
"recruitment_to_population" 
".External" "rpois" "fecundity" 
"which" "FUN" "lapply" 
"-" "dLength" 
".External" "rpois" "fecundity" 
"rbinom" "dSurvival" 
".External" "rnorm" "dWeight" 
".External" "rpois" "fecundity" 
"colSums" "matrix" 
".External" "rbinom" "dSurvival" 
".External" "rnorm" "dWeight" 
".External" "rpois" "fecundity" 
"==" "which" "FUN" "lapply" 
"spawn" 
"fecundity" 
"which" "FUN" "lapply" 
".External" "rbinom" "dSurvival" 
"spawn" 
">" 
"which" "FUN" "lapply" 
"dLength" 
"exp" "fecundity" 
".External" "rbinom" "dSurvival" 
"exp" "dLength" 
"exp" "dWeight" 
".External" "rbinom" "spawn" 
".External" "rnorm" "fecundity" 
".External" "rpois" "fecundity" 
">" 
"which" "FUN" "lapply" 
"==" "which" "FUN" "lapply" 
"floor" "dSurvival" 
".External" "rnorm" "dWeight" 
".External" "rbinom" "spawn" 
".External" "rnorm" "fecundity" 
".External" "rpois" "fecundity" 
">" 
"==" "which" "FUN" "lapply" 
"which" "FUN" "lapply" 
"cbind" 
".External" "rnorm" "dWeight" 
"spawn" 
".External" "rnorm" "fecundity" 
".External" "rpois" "fecundity" 
">" 
".Call" "flush.console" "<Anonymous>" "setTxtProgressBar" 
"which" "FUN" "lapply" 
"which" "FUN" "lapply" 
".External" "rbinom" "dSurvival" 
"exp" "dLength" 
".External" "plogis" "spawn" 
"/" "fecundity" 
".External" "rpois" "fecundity" 
">" 
"$" "setTxtProgressBar" 
"which" "FUN" "lapply" 
"floor" "dSurvival" 
".External" "rnorm" "dWeight" 
".External" "rbinom" "spawn" 
".External" "rpois" "fecundity" 
">" 
"colSums" "matrix" 
"which" "FUN" "lapply" 
"rbinom" "dSurvival" 
".External" "rnorm" "dWeight" 
"recruitment_to_population" 
"recruitment_to_population" 
"recruitment_to_population" 
"recruitment_to_population" 
"recruitment_to_population" 
"recruitment_to_population" 
"recruitment_to_population" 
".External" "rbinom" "spawn" 
".External" "rnorm" "fecundity" 
".External" "rpois" "fecundity" 
"which" "FUN" "lapply" 
"/" "dSurvival" 
".External" "rnorm" "dWeight" 
".External" "rnorm" "fecundity" 
">" 
"==" "which" "FUN" "lapply" 
"exp" "dLength" 
"*" 
".External" "rpois" "fecundity" 
"==" "which" "FUN" "lapply" 
"floor" "dSurvival" 
".External" "rnorm" "dWeight" 
".External" "rnorm" "fecundity" 
">" 
"which" "FUN" "lapply" 
".External" "rnorm" "dWeight" 
".External" "rnorm" "fecundity" 
">" 
"which" "FUN" "lapply" 
"floor" "dSurvival" 
"rnorm" "dWeight" 
".External" "rnorm" "fecundity" 
">" 
"==" "which" "FUN" "lapply" 
"dSurvival" 
"dLength" 
".External" "rbinom" "spawn" 
".External" "rpois" "fecundity" 
"which" "FUN" "lapply" 
"plogis" "spawn" 
".External" "rpois" "fecundity" 
"which" "FUN" "lapply" 
".External" "rbinom" "dSurvival" 
"dLength" 
".External" "rbinom" "spawn" 
"fecundity" 
"dSurvival" 
".External" "plogis" "spawn" 
".External" "rpois" "fecundity" 
"which" "FUN" "lapply" 
".External" "rbinom" "spawn" 
"fecundity" 
"colSums" "matrix" 
"unlist" "cbind" 
".External" "rnorm" "dWeight" 
".External" "rpois" "fecundity" 
"==" "which" "FUN" "lapply" 
"recruitment_to_population" 
"exp" "fecundity" 
"which" "FUN" "lapply" 
".External" "rbinom" "spawn" 
">" 
"which" "FUN" "lapply" 
".External" "rpois" "fecundity" 
"cbind" 
".External" "rbinom" "spawn" 
">" 
"==" "which" "FUN" "lapply" 
".External" "rbinom" "dSurvival" 
".External" "rnorm" "dWeight" 
".External" "rpois" "fecundity" 
"which" "FUN" "lapply" 
"exp" "dWeight" 
".External" "rpois" "fecundity" 
"which" "FUN" "lapply" 
"/" "plogis" "spawn" 
"fecundity" 
"which" "FUN" "lapply" 
".External" "rpois" "fecundity" 
".External" "rbinom" "dSurvival" 
".External" "rnorm" "fecundity" 
"which" "FUN" "lapply" 
"exp" "dLength" 
".External" "rpois" "fecundity" 
"dSurvival" 
"==" "which" "FUN" "lapply" 
".External" "rnorm" "dWeight" 
"fecundity" 
"which" "FUN" "lapply" 
"recruitment_to_population" 
".External" "plogis" "spawn" 
">" 
"==" "which" "FUN" "lapply" 
".External" "plogis" "spawn" 
">" 
"==" "which" "FUN" "lapply" 
".External" "rnorm" "dWeight" 
"*" "fecundity" 
"==" "which" "FUN" "lapply" 
"dLength" 
"fecundity" 
"==" "which" "FUN" "lapply" 
"dLength" 
"fecundity" 
"which" "FUN" "lapply" 
".External" "rnorm" "fecundity" 
"colSums" "matrix" 
".External" "rpois" "fecundity" 
"which" "FUN" "lapply" 
"rnorm" "dWeight" 
">" 
"==" "which" "FUN" "lapply" 
"+" "fecundity" 
"colSums" "matrix" 
".External" "rpois" "fecundity" 
"which" "FUN" "lapply" 
"-" "fecundity" 
"colSums" "matrix" 
".External" "rnorm" "dWeight" 
"recruitment_to_population" 
"recruitment_to_population" 
"recruitment_to_population" 
"recruitment_to_population" 
"fecundity" 
"which" "FUN" "lapply" 
"exp" "fecundity" 
"which" "FUN" "lapply" 
"exp" "dWeight" 
"floor" "dSurvival" 
"dLength" 
".External" "rpois" "fecundity" 
"which" "FUN" "lapply" 
".External" "rpois" "fecundity" 
".External" "rpois" "fecundity" 
"==" "which" "FUN" "lapply" 
".External" "rbinom" "spawn" 
".External" "rpois" "fecundity" 
"==" "which" "FUN" "lapply" 
"fecundity" 
"colSums" "matrix" 
">" 
"which" "FUN" "lapply" 
".External" "rnorm" "fecundity" 
".External" "rpois" "fecundity" 
"==" "which" "FUN" "lapply" 
"recruitment_to_population" 
".External" "rpois" "fecundity" 
"==" "which" "FUN" "lapply" 
"exp" "dLength" 
">" 
"==" "which" "FUN" "lapply" 
"exp" "dLength" 
">" 
"==" "which" "FUN" "lapply" 
".External" "rbinom" "spawn" 
".External" "rbinom" "dSurvival" 
"exp" "dLength" 
">" 
"which" "FUN" "lapply" 
"plogis" "spawn" 
".External" "rbinom" "dSurvival" 
"exp" "fecundity" 
"==" "which" "FUN" "lapply" 
"colSums" "matrix" 
".External" "rnorm" "dWeight" 
">" 
"sort" "cbind" 
".External" "rpois" "fecundity" 
"==" "which" "FUN" "lapply" 
"exp" "dLength" 
">" 
"==" "which" "FUN" "lapply" 
".External" "rnorm" "dWeight" 
"floor" "dSurvival" 
"recruitment_to_population" 
".External" "rbinom" "spawn" 
".External" "rpois" "fecundity" 
"which" "FUN" "lapply" 
"exp" "dLength" 
">" 
"which" "FUN" "lapply" 
".External" "rpois" "fecundity" 
"==" "which" "FUN" "lapply" 
"exp" "dLength" 
">" 
"which" "FUN" "lapply" 
">" 
"==" "which" "FUN" "lapply" 
".External" "rnorm" "fecundity" 
"colSums" "matrix" 
">" 
"dSurvival" 
".External" "rnorm" "fecundity" 
"colSums" "matrix" 
".External" "rpois" "fecundity" 
"which" "FUN" "lapply" 
"exp" "dLength" 
">" 
"==" "which" "FUN" "lapply" 
">" 
"==" "which" "FUN" "lapply" 
"exp" "dWeight" 
"recruitment_to_population" 
".External" "rbinom" "dSurvival" 
">" 
"which" "FUN" "lapply" 
"exp" "fecundity" 
".Call" "flush.console" "<Anonymous>" "setTxtProgressBar" 
">" 
"which" "FUN" "lapply" 
".External" "rpois" "fecundity" 
"which" "FUN" "lapply" 
".External" "rbinom" "spawn" 
"exp" "dWeight" 
".External" "rpois" "fecundity" 
"==" "which" "FUN" "lapply" 
"plogis" "spawn" 
"exp" "dLength" 
"==" "which" "FUN" "lapply" 
".External" "rnorm" "fecundity" 
"*" 
".External" "rbinom" 
"rnorm" "dWeight" 
"recruitment_to_population" 
"recruitment_to_population" 
"recruitment_to_population" 
"recruitment_to_population" 
">" 
"which" "FUN" "lapply" 
">" 
"==" "which" "FUN" "lapply" 
".External" "rpois" "fecundity" 
"==" "which" "FUN" "lapply" 
">" 
"which" "FUN" "lapply" 
".External" "rbinom" "spawn" 
"plogis" "spawn" 
"fecundity" 
"which" "FUN" "lapply" 
".External" "rpois" "fecundity" 
"which" "FUN" "lapply" 
"fecundity" 
"colSums" "matrix" 
"rnorm" "dWeight" 
".External" "rbinom" "dSurvival" 
".External" "rpois" "fecundity" 
"==" "which" "FUN" "lapply" 
"recruitment_to_population" 
".External" "rpois" "fecundity" 
"==" "which" "FUN" "lapply" 
".External" "rbinom" "dSurvival" 
".External" "rnorm" "dWeight" 
"==" "which" "FUN" "lapply" 
">" 
"which" "FUN" "lapply" 
".External" "plogis" "spawn" 
".External" "rbinom" "spawn" 
"colSums" "matrix" 
".External" "rnorm" "dWeight" 
"dLength" 
".External" "rbinom" "dSurvival" 
".External" "rpois" "fecundity" 
"which" "FUN" "lapply" 
".External" "rpois" "fecundity" 
"==" "which" "FUN" "lapply" 
".External" "rnorm" "fecundity" 
"recruitment_to_population" 
"recruitment_to_population" 
">" 
"==" "which" "FUN" "lapply" 
".External" "rpois" "fecundity" 
"==" "which" "FUN" "lapply" 
".External" "rbinom" "spawn" 
">" 
"which" "FUN" "lapply" 
".External" "rpois" "fecundity" 
"which" "FUN" "lapply" 
".External" "plogis" "spawn" 
".External" "rnorm" "dWeight" 
"exp" "dLength" 
"fecundity" 
"which" "FUN" "lapply" 
">" 
"floor" "dSurvival" 
".External" "rpois" "fecundity" 
"which" "FUN" "lapply" 
"recruitment_to_population" 
"recruitment_to_population" 
".External" "rnorm" "dWeight" 
"exp" "dLength" 
">" 
"==" "which" "FUN" "lapply" 
">" 
"==" "which" "FUN" "lapply" 
"which" "FUN" "lapply" 
".External" "rpois" "fecundity" 
"==" "which" "FUN" "lapply" 
".External" "rbinom" "spawn" 
".External" "rpois" "fecundity" 
"which" "FUN" "lapply" 
".External" "plogis" "spawn" 
".External" "rbinom" "dSurvival" 
">" 
"which" "FUN" "lapply" 
"recruitment_to_population" 
"recruitment_to_population" 
"recruitment_to_population" 
"recruitment_to_population" 
".External" "rpois" "fecundity" 
"which" "FUN" "lapply" 
"fecundity" 
"==" "which" "FUN" "lapply" 
".External" "rpois" "fecundity" 
"which" "FUN" "lapply" 
".External" "rpois" "fecundity" 
"which" "FUN" "lapply" 
".External" "rnorm" "fecundity" 
"which" "FUN" "lapply" 
".External" "rnorm" "fecundity" 
"==" "which" "FUN" "lapply" 
".External" "rnorm" "dWeight" 
".External" "rbinom" "dSurvival" 
".External" "rbinom" "dSurvival" 
".External" "rpois" "fecundity" 
".External" "plogis" "spawn" 
"colSums" "matrix" 
".External" "rnorm" "dWeight" 
"exp" "dLength" 
"recruitment_to_population" 
"exp" "dLength" 
".External" "rbinom" "dSurvival" 
"rnorm" "dWeight" 
"which" "FUN" "lapply" 
".External" "rbinom" "dSurvival" 
"dLength" 
">" 
"which" "FUN" "lapply" 
".External" "rpois" "fecundity" 
"which" "FUN" "lapply" 
".External" "rbinom" "spawn" 
"which" "FUN" "lapply" 
"which" "FUN" "lapply" 
">" 
"which" "FUN" "lapply" 
"recruitment_to_population" 
"recruitment_to_population" 
".External" "rnorm" "dWeight" 
".External" "rbinom" "dSurvival" 
">" 
"which" "FUN" "lapply" 
"==" "which" "FUN" "lapply" 
".External" "rnorm" "dWeight" 
".External" "rbinom" "spawn" 
"which" "FUN" "lapply" 
"exp" "fecundity" 
"which" "FUN" "lapply" 
">" 
"==" "which" "FUN" "lapply" 
"exp" "dLength" 
"exp" "dLength" 
"recruitment_to_population" 
"recruitment_to_population" 
"recruitment_to_population" 
"recruitment_to_population" 
">" 
"==" "which" "FUN" "lapply" 
".External" "rbinom" "spawn" 
"==" "which" "FUN" "lapply" 
".External" "rnorm" "fecundity" 
"which" "FUN" "lapply" 
".External" "rnorm" "dWeight" 
".External" "rnorm" "fecundity" 
"==" "which" "FUN" "lapply" 
".External" "rpois" "fecundity" 
"which" "FUN" "lapply" 
">" 
"which" "FUN" "lapply" 
"*" "fecundity" 
"which" "FUN" "lapply" 
"==" "which" "FUN" "lapply" 
"recruitment_to_population" 
"fecundity" 
"which" "FUN" "lapply" 
">" 
"which" "FUN" "lapply" 
".External" "rbinom" "dSurvival" 
">" 
"==" "which" "FUN" "lapply" 
"exp" "dLength" 
"dLength" 
"rbinom" "dSurvival" 
".External" "rnorm" "fecundity" 
"==" "which" "FUN" "lapply" 
".External" "rbinom" "spawn" 
"==" "which" "FUN" "lapply" 
".External" "rnorm" "fecundity" 
"==" "which" "FUN" "lapply" 
".External" "plogis" "spawn" 
".Call" "flush.console" "<Anonymous>" "setTxtProgressBar" 
"dLength" 
"which" "FUN" "lapply" 
"recruitment_to_population" 
"recruitment_to_population" 
"recruitment_to_population" 
"recruitment_to_population" 
".External" "rpois" "fecundity" 
"==" "which" "FUN" "lapply" 
">" 
"==" "which" "FUN" "lapply" 
">" 
"==" "which" "FUN" "lapply" 
"fecundity" 
"==" "which" "FUN" "lapply" 
".External" "rpois" "fecundity" 
"which" "FUN" "lapply" 
">" 
"which" "FUN" "lapply" 
"fecundity" 
"which" "FUN" "lapply" 
".External" "rbinom" "dSurvival" 
".External" "rbinom" "dSurvival" 
".External" "rbinom" "dSurvival" 
">" 
"==" "which" "FUN" "lapply" 
"dLength" 
"recruitment_to_population" 
"fecundity" 
"which" "FUN" "lapply" 
">" 
"==" "which" "FUN" "lapply" 
">" 
"==" "which" "FUN" "lapply" 
">" 
"==" "which" "FUN" "lapply" 
">" 
"==" "which" "FUN" "lapply" 
"exp" "dLength" 
".External" "plogis" "spawn" 
".Call" "flush.console" "<Anonymous>" "setTxtProgressBar" 
"dLength" 
".External" "rpois" "fecundity" 
"which" "FUN" "lapply" 
"recruitment_to_population" 
"recruitment_to_population" 
"recruitment_to_population" 
"recruitment_to_population" 
".External" "rpois" "fecundity" 
"which" "FUN" "lapply" 
"plogis" "spawn" 
"which" "FUN" "lapply" 
".External" "rnorm" "fecundity" 
"which" "FUN" "lapply" 
".External" "rbinom" "spawn" 
"==" "which" "FUN" "lapply" 
">" 
"lapply" "unlist" 
".External" "rnorm" "dWeight" 
"which" "FUN" "lapply" 
"exp" "dWeight" 
"which" "FUN" "lapply" 
">" 
"which" "FUN" "lapply" 
">" 
"==" "which" "FUN" "lapply" 
"recruitment_to_population" 
"deparse" "eval" "match.arg" "sort.int" "sort.default" "sort" "cbind" 
"exp" "dLength" 
"colSums" "matrix" 
".External" "rpois" "fecundity" 
"==" "which" "FUN" "lapply" 
">" 
"which" "FUN" "lapply" 
".External" "rpois" "fecundity" 
"which" "FUN" "lapply" 
"fecundity" 
"which" "FUN" "lapply" 
">" 
"which" "FUN" "lapply" 
"recruitment_to_population" 
">" 
"which" "FUN" "lapply" 
".External" "rbinom" "dSurvival" 
"exp" "dLength" 
"which" "FUN" "lapply" 
"plogis" "spawn" 
".Call" "flush.console" "<Anonymous>" "setTxtProgressBar" 
"==" "which" "FUN" "lapply" 
"which" "FUN" "lapply" 
"dLength" 
"matrix" 
">" 
"which" "FUN" "lapply" 
">" 
"which" "FUN" "lapply" 
"==" "which" "FUN" "lapply" 
">" 
"floor" "dSurvival" 
"recruitment_to_population" 
"recruitment_to_population" 
"recruitment_to_population" 
"recruitment_to_population" 
"colSums" "matrix" 
"exp" "dLength" 
".External" "rnorm" "fecundity" 
">" 
"colSums" "matrix" 
"==" "which" "FUN" "lapply" 
"==" "which" "FUN" "lapply" 
".External" "rbinom" "dSurvival" 
".External" "rpois" "fecundity" 
">" 
".Call" "flush.console" "<Anonymous>" "setTxtProgressBar" 
"==" "which" "FUN" "lapply" 
"which" "FUN" "lapply" 
"dSurvival" 
".External" "rnorm" "fecundity" 
">" 
"==" "which" "FUN" "lapply" 
"which" "FUN" "lapply" 
".External" "rbinom" "dSurvival" 
".External" "rnorm" "dWeight" 
"fecundity" 
"which" "FUN" "lapply" 
"which" "FUN" "lapply" 
".External" "rbinom" "spawn" 
">" 
"colSums" "matrix" 
"which" "FUN" "lapply" 
".External" "rbinom" "spawn" 
">" 
"which" "FUN" "lapply" 
"floor" "dSurvival" 
".External" "rbinom" "spawn" 
">" 
"colSums" "matrix" 
"==" "which" "FUN" "lapply" 
".External" "rpois" "fecundity" 
"which" "FUN" "lapply" 
"which" "FUN" "lapply" 
".External" "rnorm" "fecundity" 
"which" "FUN" "lapply" 
"==" "which" "FUN" "lapply" 
".External" "rpois" "fecundity" 
"which" "FUN" "lapply" 
".External" "rbinom" "spawn" 
"==" "which" "FUN" "lapply" 
"which" "FUN" "lapply" 
"recruitment_to_population" 
"recruitment_to_population" 
"==" "which" "FUN" "lapply" 
">" 
"==" "which" "FUN" "lapply" 
".External" "rnorm" "dWeight" 
"which" "FUN" "lapply" 
"*" 
"which" "FUN" "lapply" 
".External" "rbinom" "spawn" 
"==" "which" "FUN" "lapply" 
">" 
"which" "FUN" "lapply" 
">" 
"==" "which" "FUN" "lapply" 
".External" "rpois" "fecundity" 
"colSums" "matrix" 
"==" "which" "FUN" "lapply" 
">" 
"which" "FUN" "lapply" 
".External" "rbinom" "spawn" 
"which" "FUN" "lapply" 
"which" "FUN" "lapply" 
"fecundity" 
"recruitment_to_population" 
"recruitment_to_population" 
"recruitment_to_population" 
"recruitment_to_population" 
"recruitment_to_population" 
">" 
"==" "which" "FUN" "lapply" 
".External" "rpois" "fecundity" 
"which" "FUN" "lapply" 
">" 
"==" "which" "FUN" "lapply" 
".External" "plogis" "spawn" 
"colSums" "matrix" 
"which" "FUN" "lapply" 
".External" "rnorm" "dWeight" 
">" 
"==" "which" "FUN" "lapply" 
"dLength" 
".External" "rbinom" "dSurvival" 
"which" "FUN" "lapply" 
".External" "rpois" "fecundity" 
"lapply" 
">" 
"which" "FUN" "lapply" 
"recruitment_to_population" 
"recruitment_to_population" 
"recruitment_to_population" 
"recruitment_to_population" 
".Call" "flush.console" "<Anonymous>" "setTxtProgressBar" 
".External" "rnorm" "dWeight" 
"which" "FUN" "lapply" 
">" 
"==" "which" "FUN" "lapply" 
"exp" "dLength" 
"==" "which" "FUN" "lapply" 
">" 
".External" "rbinom" "dSurvival" 
"fecundity" 
"==" "which" "FUN" "lapply" 
"/" "fecundity" 
"==" "which" "FUN" "lapply" 
">" 
"which" "FUN" "lapply" 
".External" "rnorm" "dWeight" 
"which" "FUN" "lapply" 
"recruitment_to_population" 
"*" "spawn" 
"which" "FUN" "lapply" 
".External" "rbinom" "spawn" 
"which" "FUN" "lapply" 
".External" "rpois" "fecundity" 
"==" "which" "FUN" "lapply" 
".External" "rpois" "fecundity" 
"which" "FUN" "lapply" 
"which" "FUN" "lapply" 
".External" "plogis" "spawn" 
"==" "which" "FUN" "lapply" 
".External" "rbinom" "spawn" 
"==" "which" "FUN" "lapply" 
">" 
"cbind" 
"recruitment_to_population" 
"colSums" "matrix" 
">" 
"which" "FUN" "lapply" 
"colSums" "matrix" 
">" 
"which" "FUN" "lapply" 
">" 
"which" "FUN" "lapply" 
".External" "rbinom" "dSurvival" 
">" 
"==" "which" "FUN" "lapply" 
"==" "which" "FUN" "lapply" 
"exp" "dLength" 
"which" "FUN" "lapply" 
"colSums" "matrix" 
"recruitment_to_population" 
"fecundity" 
"==" "which" "FUN" "lapply" 
"colSums" "matrix" 
".External" "plogis" "spawn" 
"which" "FUN" "lapply" 
"fecundity" 
"which" "FUN" "lapply" 
">" 
"exp" "dLength" 
".Call" "flush.console" "<Anonymous>" "setTxtProgressBar" 
">" 
"==" "which" "FUN" "lapply" 
"==" "which" "FUN" "lapply" 
"exp" "fecundity" 
"which" "FUN" "lapply" 
"recruitment_to_population" 
"recruitment_to_population" 
"recruitment_to_population" 
"recruitment_to_population" 
"fecundity" 
"==" "which" "FUN" "lapply" 
"floor" "dSurvival" 
".External" "rbinom" "spawn" 
"which" "FUN" "lapply" 
">" 
"==" "which" "FUN" "lapply" 
".External" "rnorm" "dWeight" 
"==" "which" "FUN" "lapply" 
">" 
"which" "FUN" "lapply" 
"which" "FUN" "lapply" 
">" 
"which" "FUN" "lapply" 
"recruitment_to_population" 
"recruitment_to_population" 
"fecundity" 
"which" "FUN" "lapply" 
".External" "rbinom" "spawn" 
"which" "FUN" "lapply" 
">" 
"==" "which" "FUN" "lapply" 
"exp" "fecundity" 
"which" "FUN" "lapply" 
">" 
"which" "FUN" "lapply" 
">" 
"==" "which" "FUN" "lapply" 
"exp" "dLength" 
"which" "FUN" "lapply" 
"which" "FUN" "lapply" 
"recruitment_to_population" 
"==" "which" "FUN" "lapply" 
"dLength" 
"which" "FUN" "lapply" 
".External" "rpois" "fecundity" 
"==" "which" "FUN" "lapply" 
".Call" "flush.console" "<Anonymous>" "setTxtProgressBar" 
".External" "plogis" "spawn" 
"which" "FUN" "lapply" 
".Call" "flush.console" "<Anonymous>" "setTxtProgressBar" 
".External" "rnorm" "fecundity" 
"==" "which" "FUN" "lapply" 
"recruitment_to_population" 
".External" "rpois" "fecundity" 
"==" "which" "FUN" "lapply" 
"which" "FUN" "lapply" 
"exp" "fecundity" 
"which" "FUN" "lapply" 
">" 
"==" "which" "FUN" "lapply" 
"colSums" "matrix" 
"fecundity" 
"==" "which" "FUN" "lapply" 
"colSums" "matrix" 
">" 
"which" "FUN" "lapply" 
"which" "FUN" "lapply" 
">" 
"which" "FUN" "lapply" 
"colSums" "matrix" 
">" 
"which" "FUN" "lapply" 
"recruitment_to_population" 
">" 
".External" "rbinom" "dSurvival" 
"exp" "dWeight" 
"which" "FUN" "lapply" 
">" 
"which" "FUN" "lapply" 
".External" "plogis" "spawn" 
"which" "FUN" "lapply" 
"==" "which" "FUN" "lapply" 
">" 
"/" "dSurvival" 
"colSums" "matrix" 
".External" "rbinom" "spawn" 
"==" "which" "FUN" "lapply" 
"which" "FUN" "lapply" 
"recruitment_to_population" 
"recruitment_to_population" 
"==" "which" "FUN" "lapply" 
"==" "which" "FUN" "lapply" 
"colSums" "matrix" 
"pmatch" ".deparseOpts" "deparse" "eval" "match.arg" "sort.int" "sort.default" "sort" "cbind" 
">" 
".External" "rnorm" "dWeight" 
"==" "which" "FUN" "lapply" 
"==" "which" "FUN" "lapply" 
".External" "rpois" "fecundity" 
"which" "FUN" "lapply" 
"recruitment_to_population" 
"recruitment_to_population" 
"==" "which" "FUN" "lapply" 
".External" "rbinom" "dSurvival" 
".External" "plogis" "spawn" 
"which" "FUN" "lapply" 
"==" "which" "FUN" "lapply" 
"which" "FUN" "lapply" 
">" 
"sort" "cbind" 
"which" "FUN" "lapply" 
">" 
"which" "FUN" "lapply" 
"colSums" "matrix" 
"recruitment_to_population" 
"recruitment_to_population" 
"recruitment_to_population" 
"recruitment_to_population" 
">" 
"dSurvival" 
"which" "FUN" "lapply" 
">" 
"==" "which" "FUN" "lapply" 
">" 
"which" "FUN" "lapply" 
">" 
"which" "FUN" "lapply" 
"which" "FUN" "lapply" 
".Call" "flush.console" "<Anonymous>" "setTxtProgressBar" 
".External" "plogis" "spawn" 
"==" "which" "FUN" "lapply" 
"recruitment_to_population" 
">" 
"which" "FUN" "lapply" 
".External" "rbinom" 
".External" "rpois" "fecundity" 
"==" "which" "FUN" "lapply" 
"which" "FUN" "lapply" 
".External" "rbinom" "dSurvival" 
"==" "which" "FUN" "lapply" 
"which" "FUN" "lapply" 
".External" "rpois" "fecundity" 
"which" "FUN" "lapply" 
"dLength" 
"recruitment_to_population" 
"recruitment_to_population" 
"recruitment_to_population" 
">" 
"which" "FUN" "lapply" 
"==" "which" "FUN" "lapply" 
">" 
"==" "which" "FUN" "lapply" 
">" 
"which" "FUN" "lapply" 
">" 
"==" "which" "FUN" "lapply" 
".External" "rnorm" "dWeight" 
"==" "which" "FUN" "lapply" 
"==" "which" "FUN" "lapply" 
"colSums" "matrix" 
"recruitment_to_population" 
"recruitment_to_population" 
"recruitment_to_population" 
"recruitment_to_population" 
">" 
"==" "which" "FUN" "lapply" 
"-" "dLength" 
"==" "which" "FUN" "lapply" 
"which" "FUN" "lapply" 
">" 
"which" "FUN" "lapply" 
"==" "which" "FUN" "lapply" 
">" 
"which" "FUN" "lapply" 
"which" "FUN" "lapply" 
".External" "rnorm" "dWeight" 
"which" "FUN" "lapply" 
"recruitment_to_population" 
">" 
"which" "FUN" "lapply" 
"==" "which" "FUN" "lapply" 
"which" "FUN" "lapply" 
">" 
"which" "FUN" "lapply" 
"==" "which" "FUN" "lapply" 
">" 
"==" "which" "FUN" "lapply" 
"which" "FUN" "lapply" 
"match.arg" "sort.int" "sort.default" "sort" "cbind" 
"which" "FUN" "lapply" 
"recruitment_to_population" 
".External" "rpois" "fecundity" 
"which" "FUN" "lapply" 
"which" "FUN" "lapply" 
">" 
"which" "FUN" "lapply" 
"which" "FUN" "lapply" 
">" 
"which" "FUN" "lapply" 
">" 
"which" "FUN" "lapply" 
">" 
"which" "FUN" "lapply" 
"recruitment_to_population" 
"recruitment_to_population" 
"recruitment_to_population" 
"recruitment_to_population" 
"==" "which" "FUN" "lapply" 
"==" "which" "FUN" "lapply" 
"colSums" "matrix" 
">" 
"which" "FUN" "lapply" 
".External" "rnorm" "dWeight" 
"==" "which" "FUN" "lapply" 
"==" "which" "FUN" "lapply" 
".External" "rnorm" "dWeight" 
"which" "FUN" "lapply" 
".Call" "flush.console" "<Anonymous>" "setTxtProgressBar" 
"sort" "cbind" 
".External" "rnorm" "dWeight" 
"recruitment_to_population" 
"==" "which" "FUN" "lapply" 
"which" "FUN" "lapply" 
"which" "FUN" "lapply" 
">" 
"which" "FUN" "lapply" 
"which" "FUN" "lapply" 
">" 
"==" "which" "FUN" "lapply" 
">" 
"which" "FUN" "lapply" 
"which" "FUN" "lapply" 
"which" "FUN" "lapply" "sapply" "unlist" "recruitment_to_population" 
"recruitment_to_population" 
"recruitment_to_population" 
"recruitment_to_population" 
"recruitment_to_population" 
"which" "FUN" "lapply" 
".External" "rpois" "fecundity" 
"which" "FUN" "lapply" 
"which" "FUN" "lapply" 
">" 
"which" "FUN" "lapply" 
">" 
"which" "FUN" "lapply" 
"which" "FUN" "lapply" 
">" 
"which" "FUN" "lapply" 
">" 
"recruitment_to_population" 
"recruitment_to_population" 
"recruitment_to_population" 
"which" "FUN" "lapply" 
">" 
"==" "which" "FUN" "lapply" 
"dLength" 
"==" "which" "FUN" "lapply" 
">" 
"which" "FUN" "lapply" 
"==" "which" "FUN" "lapply" 
">" 
"==" "which" "FUN" "lapply" 
"which" "FUN" "lapply" 
"==" "which" "FUN" "lapply" 
">" 
"which" "FUN" "lapply" 
"recruitment_to_population" 
".External" "plogis" "spawn" 
"which" "FUN" "lapply" 
">" 
"which" "FUN" "lapply" 
".External" "rnorm" "fecundity" 
"which" "FUN" "lapply" 
"==" "which" "FUN" "lapply" 
">" 
"which" "FUN" "lapply" 
">" 
"which" "FUN" "lapply" 
"==" "which" "FUN" "lapply" 
">" 
"cbind" 
"recruitment_to_population" 
"==" "which" "FUN" "lapply" 
">" 
".Call" "flush.console" "<Anonymous>" "setTxtProgressBar" 
">" 
"==" "which" "FUN" "lapply" 
