sample.interval=20000
"-" "inits_ind" "xx_ind" 
"Ops.factor" "==" "[.data.frame" "[" "inits_ind" "xx_ind" 
"NextMethod" "Ops.factor" "==" "[<-.data.frame" "[<-" "inits_ind" "xx_ind" 
"NextMethod" "Ops.factor" "==" "[.data.frame" "[" "inits_ind" "xx_ind" 
"Ops.factor" "==" "[.data.frame" "[" "inits_ind" "xx_ind" 
"Ops.factor" "==" "[.data.frame" "[" "inits_ind" "xx_ind" 
"Ops.factor" "==" "[.data.frame" "[" "inits_ind" "xx_ind" 
"Ops.factor" "==" "[.data.frame" "[" "inits_ind" "xx_ind" 
"Ops.factor" "==" "[.data.frame" "[" "inits_ind" "xx_ind" 
"Ops.factor" "==" "[.data.frame" "[" "inits_ind" "xx_ind" 
"Ops.factor" "==" "[.data.frame" "[" "inits_ind" "xx_ind" 
"Ops.factor" "==" "[<-.data.frame" "[<-" "inits_ind" "xx_ind" 
"exp" "inits_ind" "xx_ind" 
"rbind" "rbind" "inits_ind" "xx_ind" 
"==" "[.data.frame" "[" "inits_ind" "xx_ind" 
"unique.default" "unique" "setdiff" "[<-.data.table" "$<-.data.table" "$<-" "xx_ind" 
"match" "%in%" "[[.data.frame" "[[" "setattr" "alloc.col" "copy" "$<-.data.table" "$<-" "xx_ind" 
"is.data.table" "setattr" "alloc.col" "copy" "$<-.data.table" "$<-" "xx_ind" 
"length" "length" "dim.data.table" "dim" "dim" "nrow" "[.data.table" "[" "subset.data.table" "subset" "xx_ind" 
".Call" "forderv" "[.data.table" "[" "data.table" "xx_ind" 
"subset.data.table" "subset" "xx_ind" 
"topenv" "cedta" "$<-.data.table" "$<-" "xx_ind" 
"topenv" "cedta" "[.data.table" "[" "xx_ind" 
".Call" "[<-.data.table" "[<-" "xx_ind" 
".External" "rbinom" "xx_ind" 
"names" "names" "[.data.table" "[" "nrow" "xx_ind" 
"==" "eval" "eval" "[<-.data.table" "[<-" "xx_ind" 
"exp" "sp_fun" "rbinom" "xx_ind" 
".External" "rbinom" "xx_ind" 
"which" "[.data.table" "[" "nrow" "xx_ind" 
"options" "getOption" "topenv" "cedta" "[<-.data.table" "[<-" "xx_ind" 
"sys.call" "match" "%in%" "[[.data.frame" "[[" "setattr" "alloc.col" "[.data.table" "[" "nrow" "xx_ind" 
"==" "eval" "eval" "[<-.data.table" "[<-" "xx_ind" 
".External" "rbinom" "xx_ind" 
"[[" "setattr" "alloc.col" "[<-.data.table" "$<-.data.table" "$<-" "xx_ind" 
".Call" "rbindlist" "xx_ind" 
"setattr" "alloc.col" "[.data.table" "[" "subset.data.table" "subset" "xx_ind" 
"setattr" "alloc.col" "copy" "$<-.data.table" "$<-" "xx_ind" 
"subset.data.table" "subset" "xx_ind" 
".Call" "forderv" "[.data.table" "[" "data.table" "xx_ind" 
"<Anonymous>" "[[.data.frame" "[[" "setattr" "alloc.col" "data.table" "xx_ind" 
".Call" "[.data.table" "[" "subset.data.table" "subset" "xx_ind" 
"exp" "xx_ind" 
"==" "eval" "eval" "[.data.table" "[" "xx_ind" 
".Call" "[.data.table" "[" "xx_ind" 
"length" "length" "dim.data.table" "dim" "dim" "ncol" "eval" "eval" "alloc.col" "copy" "[<-.data.table" "$<-.data.table" "$<-" "xx_ind" 
"exp" "mat_fun" "rbinom" "xx_ind" 
".External" "rbinom" "xx_ind" 
".Call" "[.data.table" "[" "nrow" "xx_ind" 
"<Anonymous>" "[[.data.frame" "[[" "setattr" "alloc.col" "[<-.data.table" "$<-.data.table" "$<-" "xx_ind" 
"exp" "sp_fun" "rbinom" "xx_ind" 
".External" "rbinom" "xx_ind" 
".Call" "setattr" "alloc.col" "[<-.data.table" "$<-.data.table" "$<-" "xx_ind" 
"setattr" "alloc.col" "[<-.data.table" "$<-.data.table" "$<-" "xx_ind" 
"topenv" "cedta" "[.data.table" "[" "xx_ind" 
"names" "match" "%in%" "[[.data.frame" "[[" "$.data.frame" "$" "eval" "eval" "[<-.data.table" "[<-" "xx_ind" 
"setattr" "alloc.col" "copy" "$<-.data.table" "$<-" "xx_ind" 
".External" "rbinom" "xx_ind" 
".Call" "copy" "[<-.data.table" "$<-.data.table" "$<-" "xx_ind" 
".Call" "rbindlist" "xx_ind" 
".Call" "rbindlist" "xx_ind" 
".Call" "[.data.table" "[" "subset.data.table" "subset" "xx_ind" 
"setattr" "alloc.col" "setDT" "rbindlist" "xx_ind" 
"match" "factor" ".Call" "rbindlist" "xx_ind" 
"as.vector" "setdiff" "[.data.table" "[" "data.table" "xx_ind" 
".Call" "forderv" "[.data.table" "[" "data.table" "xx_ind" 
".Call" "[.data.table" "[" "subset.data.table" "subset" "xx_ind" 
"exp" "xx_ind" 
"==" "eval" "eval" "[.data.table" "[" "xx_ind" 
".Call" "[.data.table" "[" "xx_ind" 
"exp" "mat_fun" "rbinom" "xx_ind" 
".External" "rbinom" "xx_ind" 
".Call" "[.data.table" "[" "nrow" "xx_ind" 
"[[" "setattr" "alloc.col" "copy" "[<-.data.table" "[<-" "xx_ind" 
".External" "rbinom" "xx_ind" 
".Call" "copy" "$<-.data.table" "$<-" "xx_ind" 
"topenv" "cedta" "[.data.table" "[" "xx_ind" 
"==" "eval" "eval" "[.data.table" "[" "nrow" "xx_ind" 
"%in%" "[[.data.frame" "[[" "dim.data.table" "dim" "dim" "nrow" "[.data.table" "[" "xx_ind" 
"alloc.col" "[<-.data.table" "[<-" "xx_ind" 
".External" "rbinom" "xx_ind" 
".Call" "copy" "$<-.data.table" "$<-" "xx_ind" 
"[[" "setattr" "alloc.col" "data.table" "xx_ind" 
"match" "factor" ".Call" "rbindlist" "xx_ind" 
"%in%" "[[.data.frame" "[[" "is.data.table" "setattr" "alloc.col" "data.table" "xx_ind" 
"assign" "alloc.col" "[<-.data.table" "$<-.data.table" "$<-" "xx_ind" 
"match" "factor" ".Call" "rbindlist" "xx_ind" 
".Call" "rbindlist" "xx_ind" 
".Call" "[.data.table" "[" "subset.data.table" "subset" "xx_ind" 
".Call" "forderv" "[.data.table" "[" "data.table" "xx_ind" 
"assign" "alloc.col" "[<-.data.table" "$<-.data.table" "$<-" "xx_ind" 
".Call" "[.data.table" "[" "subset.data.table" "subset" "xx_ind" 
"nrow" ".set_row_names" "setattr" "[.data.table" "[" "subset.data.table" "subset" "xx_ind" 
"exp" "xx_ind" 
".Call" "[.data.table" "[" "xx_ind" 
"%in%" "[[.data.frame" "[[" "is.data.table" "setattr" "alloc.col" "[<-.data.table" "[<-" "xx_ind" 
".External" "rbinom" "xx_ind" 
"==" "eval" "eval" "[.data.table" "[" "nrow" "xx_ind" 
"&" "eval" "eval" "[<-.data.table" "[<-" "xx_ind" 
".External" "rbinom" "xx_ind" 
".Call" "copy" "$<-.data.table" "$<-" "xx_ind" 
"match" "%in%" "[[.data.frame" "[[" "setattr" "alloc.col" "[<-.data.table" "$<-.data.table" "$<-" "xx_ind" 
"&" "eval" "eval" "[.data.table" "[" "xx_ind" 
"match" "%in%" "[[.data.frame" "[[" "setattr" "alloc.col" "[<-.data.table" "$<-.data.table" "$<-" "xx_ind" 
"[[" "setattr" "alloc.col" "[<-.data.table" "$<-.data.table" "$<-" "xx_ind" 
".External" "rbinom" "xx_ind" 
"[[.data.frame" "[[" "$.data.frame" "$" "xx_ind" 
"setDT" "rbindlist" "xx_ind" 
".Call" "[.data.table" "[" "subset.data.table" "subset" "xx_ind" 
"length" "length" "dim.data.table" "dim" "dim" "ncol" "eval" "eval" "alloc.col" "copy" "[<-.data.table" "$<-.data.table" "$<-" "xx_ind" 
"[[" "[.data.table" "[" "subset.data.table" "subset" "xx_ind" 
".Call" "forderv" "[.data.table" "[" "data.table" "xx_ind" 
"+" "xx_ind" 
".Call" "copy" "$<-.data.table" "$<-" "xx_ind" 
">=" "eval" "eval" "[.data.table" "[" "xx_ind" 
"xx_ind" 
".External" "rbinom" "xx_ind" 
"length" "length" "dim.data.table" "dim" "dim" "nrow" ".set_row_names" "setattr" "[.data.table" "[" "nrow" "xx_ind" 
"exp" "sp_fun" "rbinom" "xx_ind" 
".External" "rbinom" "xx_ind" 
">" "eval" "eval" "[.data.table" "[" "xx_ind" 
"setattr" "alloc.col" "copy" "[<-.data.table" "$<-.data.table" "$<-" "xx_ind" 
".External" "rbinom" "xx_ind" 
"data.frame" "data.table" "xx_ind" 
"which" "[.data.table" "[" "subset.data.table" "subset" "xx_ind" 
".Call" "copy" "$<-.data.table" "$<-" "xx_ind" 
".Call" "[.data.table" "[" "subset.data.table" "subset" "xx_ind" 
".Call" "forderv" "[.data.table" "[" "data.table" "xx_ind" 
"length" "length" "dim.data.table" "dim" "dim" "nrow" "[.data.table" "[" "subset.data.table" "subset" "xx_ind" 
"exp" "xx_ind" 
".Call" "[.data.table" "[" "xx_ind" 
".Call" "copy" "[<-.data.table" "[<-" "xx_ind" 
"/" "mat_fun" "rbinom" "xx_ind" 
".Call" "copy" "[<-.data.table" "$<-.data.table" "$<-" "xx_ind" 
"is.data.table" "setattr" "alloc.col" "[.data.table" "[" "xx_ind" 
"exp" "sp_fun" "rbinom" "xx_ind" 
".External" "rbinom" "xx_ind" 
"is.data.table" "setattr" "alloc.col" "[<-.data.table" "[<-" "xx_ind" 
".Call" "copy" "[<-.data.table" "[<-" "xx_ind" 
".External" "rbinom" "xx_ind" 
"sys.call" "match" "%in%" "[[.data.frame" "[[" "setattr" "alloc.col" "[<-.data.table" "$<-.data.table" "$<-" "xx_ind" 
".Call" "rbindlist" "xx_ind" 
"character" "structure" "data.frame" "eval" "eval" "as.data.frame.list" "as.data.frame" "as.data.frame" "data.frame" "data.table" "xx_ind" 
".Call" "rbindlist" "xx_ind" 
".Call" "[.data.table" "[" "subset.data.table" "subset" "xx_ind" 
".Call" "forderv" "[.data.table" "[" "data.table" "xx_ind" 
".Call" "[.data.table" "[" "subset.data.table" "subset" "xx_ind" 
"exp" "xx_ind" 
"options" "getOption" "alloc.col" "[.data.table" "[" "xx_ind" 
">=" "eval" "eval" "[<-.data.table" "[<-" "xx_ind" 
".External" "rbinom" "xx_ind" 
".Call" "copy" "[<-.data.table" "$<-.data.table" "$<-" "xx_ind" 
"setattr" "alloc.col" "[<-.data.table" "$<-.data.table" "$<-" "xx_ind" 
"sys.call" "match" "%in%" "[[.data.frame" "[[" "setattr" "alloc.col" "[<-.data.table" "[<-" "xx_ind" 
".External" "rbinom" "xx_ind" 
".Call" "copy" "[<-.data.table" "$<-.data.table" "$<-" "xx_ind" 
".subset2" "<Anonymous>" "[[.data.frame" "[[" "setattr" "alloc.col" "[<-.data.table" "[<-" "xx_ind" 
">" "eval" "eval" "[<-.data.table" "[<-" "xx_ind" 
".Call" "copy" "[<-.data.table" "$<-.data.table" "$<-" "xx_ind" 
".External" "rbinom" "xx_ind" 
".Call" "copy" "[<-.data.table" "$<-.data.table" "$<-" "xx_ind" 
".Call" "copy" "[<-.data.table" "$<-.data.table" "$<-" "xx_ind" 
".Call" "copy" "[<-.data.table" "$<-.data.table" "$<-" "xx_ind" 
"vapply" "setDT" "rbindlist" "xx_ind" 
".Call" "[.data.table" "[" "subset.data.table" "subset" "xx_ind" 
".Call" "rbindlist" "xx_ind" 
"is.data.table" "setattr" "alloc.col" "[.data.table" "[" "subset.data.table" "subset" "xx_ind" 
".Call" "forderv" "[.data.table" "[" "data.table" "xx_ind" 
".Call" "[.data.table" "[" "subset.data.table" "subset" "xx_ind" 
"exp" "xx_ind" 
"==" "eval" "eval" "[.data.table" "[" "xx_ind" 
"[[.data.frame" "[[" "dim.data.table" "dim" "dim" "ncol" "eval" "eval" "alloc.col" "[<-.data.table" "$<-.data.table" "$<-" "xx_ind" 
".Call" "[<-.data.table" "[<-" "xx_ind" 
".External" "rbinom" "xx_ind" 
".Call" "copy" "$<-.data.table" "$<-" "xx_ind" 
"is.matrix" "<Anonymous>" "[[.data.frame" "[[" "is.data.table" "setattr" "alloc.col" "copy" "[<-.data.table" "$<-.data.table" "$<-" "xx_ind" 
"exp" "sp_fun" "rbinom" "xx_ind" 
".External" "rbinom" "xx_ind" 
"[[" "setattr" "alloc.col" "[<-.data.table" "$<-.data.table" "$<-" "xx_ind" 
"==" "eval" "eval" "[.data.table" "[" "nrow" "xx_ind" 
".Call" "alloc.col" "copy" "[<-.data.table" "[<-" "xx_ind" 
".External" "rbinom" "xx_ind" 
".Call" "rbindlist" "xx_ind" 
">=" "eval" "eval" "subset.data.table" "subset" "xx_ind" 
"length" "dim.data.table" "dim" "dim" "ncol" "eval" "eval" "alloc.col" "copy" "$<-.data.table" "$<-" "xx_ind" 
".Call" "rbindlist" "xx_ind" 
".Call" "[.data.table" "[" "subset.data.table" "subset" "xx_ind" 
".Call" "forderv" "[.data.table" "[" "data.table" "xx_ind" 
"%in%" "[[.data.frame" "[[" "setattr" "alloc.col" "copy" "[<-.data.table" "$<-.data.table" "$<-" "xx_ind" 
".Call" "[.data.table" "[" "subset.data.table" "subset" "xx_ind" 
"exp" "xx_ind" 
".Call" "copy" "[<-.data.table" "$<-.data.table" "$<-" "xx_ind" 
".Call" "[.data.table" "[" "xx_ind" 
".Call" "[<-.data.table" "[<-" "xx_ind" 
".External" "rbinom" "xx_ind" 
".Call" "copy" "[<-.data.table" "$<-.data.table" "$<-" "xx_ind" 
"which" "[.data.table" "[" "xx_ind" 
".Call" "copy" "[<-.data.table" "[<-" "xx_ind" 
".External" "rbinom" "xx_ind" 
".External" "rbinom" "xx_ind" 
"[[" "setattr" "alloc.col" "copy" "[<-.data.table" "[<-" "xx_ind" 
"which" "[.data.table" "[" "xx_ind" 
"match" "%in%" "[[.data.frame" "[[" "setattr" "alloc.col" "[<-.data.table" "[<-" "xx_ind" 
"length" "length" "dim.data.table" "dim" "dim" "nrow" "rbinom" "xx_ind" 
".External" "rbinom" "xx_ind" 
".Call" "copy" "$<-.data.table" "$<-" "xx_ind" 
"data.table" "xx_ind" 
".Call" "rbindlist" "xx_ind" 
"as.list" "data.frame" "data.table" "xx_ind" 
"match" "factor" ".Call" "rbindlist" "xx_ind" 
".Call" "rbindlist" "xx_ind" 
".Call" "rbindlist" "xx_ind" 
".Call" "rbindlist" "xx_ind" 
".Call" "[.data.table" "[" "subset.data.table" "subset" "xx_ind" 
".Call" "forderv" "[.data.table" "[" "data.table" "xx_ind" 
"&" "eval" "eval" "subset.data.table" "subset" "xx_ind" 
"exp" "xx_ind" 
".Call" "copy" "[<-.data.table" "$<-.data.table" "$<-" "xx_ind" 
"%in%" "[[.data.frame" "[[" "[.data.table" "[" "xx_ind" 
".Call" "[<-.data.table" "[<-" "xx_ind" 
"/" "mat_fun" "rbinom" "xx_ind" 
".External" "rbinom" "xx_ind" 
"==" "eval" "eval" "[.data.table" "[" "nrow" "xx_ind" 
"length" "length" "dim.data.table" "dim" "dim" "nrow" "[.data.table" "[" "xx_ind" 
"==" "eval" "eval" "[<-.data.table" "[<-" "xx_ind" 
"exp" "sp_fun" "rbinom" "xx_ind" 
".External" "rbinom" "xx_ind" 
"[[" "is.data.table" "setattr" "alloc.col" "copy" "[<-.data.table" "$<-.data.table" "$<-" "xx_ind" 
"assign" "alloc.col" "[<-.data.table" "[<-" "xx_ind" 
"[.data.table" "[" "[<-.data.table" "[<-" "xx_ind" 
".External" "rbinom" "xx_ind" 
".External" "rbinom" "xx_ind" 
".Call" "rbindlist" "xx_ind" 
".Call" "[.data.table" "[" "subset.data.table" "subset" "xx_ind" 
".Call" "rbindlist" "xx_ind" 
"subset.data.table" "subset" "xx_ind" 
".Call" "forderv" "[.data.table" "[" "data.table" "xx_ind" 
".Call" "forderv" "[.data.table" "[" "data.table" "xx_ind" 
"+" "xx_ind" 
"exp" "xx_ind" 
"==" "eval" "eval" "[.data.table" "[" "xx_ind" 
".Call" "[.data.table" "[" "xx_ind" 
".Call" "copy" "[<-.data.table" "[<-" "xx_ind" 
"/" "mat_fun" "rbinom" "xx_ind" 
".External" "rbinom" "xx_ind" 
"==" "eval" "eval" "[.data.table" "[" "nrow" "xx_ind" 
".Call" "setattr" "alloc.col" "copy" "[<-.data.table" "$<-.data.table" "$<-" "xx_ind" 
"exp" "sp_fun" "rbinom" "xx_ind" 
".External" "rbinom" "xx_ind" 
"isBaseNamespace" "getNamespaceName" "cedta" "[<-.data.table" "$<-.data.table" "$<-" "xx_ind" 
".Call" "copy" "[<-.data.table" "[<-" "xx_ind" 
"[[" "is.data.table" "setattr" "alloc.col" "[.data.table" "[" "xx_ind" 
".Call" "copy" "$<-.data.table" "$<-" "xx_ind" 
".Call" "copy" "$<-.data.table" "$<-" "xx_ind" 
".Call" "copy" "$<-.data.table" "$<-" "xx_ind" 
"dim" "dim" "nrow" "assign" "[.data.table" "[" "[<-.data.table" "[<-" "xx_ind" 
".External" "rbinom" "xx_ind" 
".External" "rbinom" "xx_ind" 
"$" "xx_ind" 
".Call" "[.data.table" "[" "subset.data.table" "subset" "xx_ind" 
"length" "length" "dim.data.table" "dim" "dim" "nrow" "sample.int" "sample" "xx_ind" 
".Call" "rbindlist" "xx_ind" 
".Call" "forderv" "[.data.table" "[" "data.table" "xx_ind" 
"[[.data.frame" "[[" "dim.data.table" "dim" "dim" "ncol" "eval" "eval" "alloc.col" "[.data.table" "[" "data.table" "xx_ind" 
".Call" "[.data.table" "[" "subset.data.table" "subset" "xx_ind" 
"+" "xx_ind" 
"+" "xx_ind" 
"+" "xx_ind" 
".Call" "[<-.data.table" "$<-.data.table" "$<-" "xx_ind" 
"topenv" "cedta" "[<-.data.table" "$<-.data.table" "$<-" "xx_ind" 
"match" "%in%" "[[.data.frame" "[[" "setattr" "alloc.col" "[.data.table" "[" "xx_ind" 
".Call" "copy" "[<-.data.table" "[<-" "xx_ind" 
"exp" "mat_fun" "rbinom" "xx_ind" 
".External" "rbinom" "xx_ind" 
".Call" "copy" "$<-.data.table" "$<-" "xx_ind" 
"[[.data.frame" "[[" "[.data.table" "[" "xx_ind" 
".Call" "copy" "[<-.data.table" "[<-" "xx_ind" 
".External" "rbinom" "xx_ind" 
".External" "rbinom" "xx_ind" 
"match" "%in%" "[[.data.frame" "[[" "$.data.frame" "$" "eval" "eval" "[<-.data.table" "[<-" "xx_ind" 
"&" "eval" "eval" "[.data.table" "[" "nrow" "xx_ind" 
"which" "[.data.table" "[" "xx_ind" 
".Call" "[<-.data.table" "[<-" "xx_ind" 
".External" "rbinom" "xx_ind" 
"match" "%in%" "[[.data.frame" "[[" "is.data.table" "setattr" "alloc.col" "data.table" "xx_ind" 
".Call" "rbindlist" "xx_ind" 
"[[" "setattr" "alloc.col" "[.data.table" "[" "subset.data.table" "subset" "xx_ind" 
"match" "factor" ".Call" "rbindlist" "xx_ind" 
".Call" "[.data.table" "[" "subset.data.table" "subset" "xx_ind" 
".Call" "forderv" "[.data.table" "[" "data.table" "xx_ind" 
"match" "%in%" "[[.data.frame" "[[" "setattr" "alloc.col" "[<-.data.table" "$<-.data.table" "$<-" "xx_ind" 
".Call" "[.data.table" "[" "subset.data.table" "subset" "xx_ind" 
"[[.data.frame" "[[" "setattr" "alloc.col" "copy" "$<-.data.table" "$<-" "xx_ind" 
"exp" "xx_ind" 
"length" "length" "dim.data.table" "dim" "dim" "nrow" "[.data.table" "[" "xx_ind" 
"which" "[.data.table" "[" "xx_ind" 
".Call" "[<-.data.table" "[<-" "xx_ind" 
"/" "mat_fun" "rbinom" "xx_ind" 
".External" "rbinom" "xx_ind" 
".Call" "copy" "$<-.data.table" "$<-" "xx_ind" 
"match" "%in%" "[[.data.frame" "[[" "setattr" "alloc.col" "copy" "$<-.data.table" "$<-" "xx_ind" 
".Call" "copy" "[<-.data.table" "[<-" "xx_ind" 
".External" "rbinom" "xx_ind" 
".External" "rbinom" "xx_ind" 
">" "eval" "eval" "[.data.table" "[" "nrow" "xx_ind" 
".Call" "copy" "[<-.data.table" "[<-" "xx_ind" 
".Call" "copy" "[<-.data.table" "[<-" "xx_ind" 
".Call" "copy" "[<-.data.table" "[<-" "xx_ind" 
".Call" "copy" "[<-.data.table" "[<-" "xx_ind" 
"==" "eval" "eval" "[.data.table" "[" "xx_ind" 
".Call" "setattr" "alloc.col" "[<-.data.table" "[<-" "xx_ind" 
".External" "rbinom" "xx_ind" 
"copy" "$<-.data.table" "$<-" "xx_ind" 
"options" "getOption" "alloc.col" "[<-.data.table" "$<-.data.table" "$<-" "xx_ind" 
".Call" "[.data.table" "[" "subset.data.table" "subset" "xx_ind" 
".Call" "copy" "[<-.data.table" "$<-.data.table" "$<-" "xx_ind" 
".Call" "rbindlist" "xx_ind" 
"subset.data.table" "subset" "xx_ind" 
".Call" "forderv" "[.data.table" "[" "data.table" "xx_ind" 
"setattr" "[.data.table" "[" "data.table" "xx_ind" 
".Call" "[.data.table" "[" "subset.data.table" "subset" "xx_ind" 
"exp" "xx_ind" 
"<Anonymous>" "[[.data.frame" "[[" "dim.data.table" "dim" "dim" "nrow" "assign" "[.data.table" "[" "xx_ind" 
"[[" "[.data.table" "[" "xx_ind" 
".Call" "[.data.table" "[" "xx_ind" 
".Call" "copy" "[<-.data.table" "[<-" "xx_ind" 
".Call" "copy" "[<-.data.table" "[<-" "xx_ind" 
".Call" "copy" "[<-.data.table" "[<-" "xx_ind" 
".Call" "copy" "[<-.data.table" "[<-" "xx_ind" 
"exp" "mat_fun" "rbinom" "xx_ind" 
".External" "rbinom" "xx_ind" 
".Call" "copy" "[<-.data.table" "$<-.data.table" "$<-" "xx_ind" 
".Call" "[.data.table" "[" "xx_ind" 
"-" "sp_fun" "rbinom" "xx_ind" 
".External" "rbinom" "xx_ind" 
".External" "rbinom" "xx_ind" 
".Call" "copy" "[<-.data.table" "[<-" "xx_ind" 
"match" "%in%" "[[.data.frame" "[[" "setattr" "alloc.col" "[.data.table" "[" "nrow" "xx_ind" 
"which" "[.data.table" "[" "[<-.data.table" "[<-" "xx_ind" 
".Call" "copy" "[<-.data.table" "$<-.data.table" "$<-" "xx_ind" 
".External" "rbinom" "xx_ind" 
"names" "match" "%in%" "[[.data.frame" "[[" "setattr" "alloc.col" "copy" "[<-.data.table" "$<-.data.table" "$<-" "xx_ind" 
"which" "[.data.table" "[" "subset.data.table" "subset" "xx_ind" 
"all" "[[.data.frame" "[[" "setattr" "alloc.col" "copy" "$<-.data.table" "$<-" "xx_ind" 
"assign" "setDT" "rbindlist" "xx_ind" 
".Call" "forderv" "[.data.table" "[" "data.table" "xx_ind" 
".Call" "[.data.table" "[" "data.table" "xx_ind" 
".Call" "[.data.table" "[" "subset.data.table" "subset" "xx_ind" 
".Call" "[<-.data.table" "$<-.data.table" "$<-" "xx_ind" 
".Call" "copy" "$<-.data.table" "$<-" "xx_ind" 
".Call" "copy" "$<-.data.table" "$<-" "xx_ind" 
".Call" "copy" "$<-.data.table" "$<-" "xx_ind" 
"==" "eval" "eval" "[.data.table" "[" "xx_ind" 
".Call" "[.data.table" "[" "xx_ind" 
"exp" "mat_fun" "rbinom" "xx_ind" 
".External" "rbinom" "xx_ind" 
"%in%" "[[.data.frame" "[[" "setattr" "alloc.col" "copy" "$<-.data.table" "$<-" "xx_ind" 
"==" "eval" "eval" "[<-.data.table" "[<-" "xx_ind" 
"exp" "sp_fun" "rbinom" "xx_ind" 
".External" "rbinom" "xx_ind" 
".Call" "setattr" "alloc.col" "copy" "$<-.data.table" "$<-" "xx_ind" 
".Call" "[.data.table" "[" "xx_ind" 
".Call" "copy" "$<-.data.table" "$<-" "xx_ind" 
".External" "rbinom" "xx_ind" 
".Call" "copy" "$<-.data.table" "$<-" "xx_ind" 
".Call" "rbindlist" "xx_ind" 
".Call" "[.data.table" "[" "subset.data.table" "subset" "xx_ind" 
".Call" "copy" "[<-.data.table" "$<-.data.table" "$<-" "xx_ind" 
".Call" "[.data.table" "[" "subset.data.table" "subset" "xx_ind" 
".Call" "forderv" "[.data.table" "[" "data.table" "xx_ind" 
"==" "eval" "eval" "subset.data.table" "subset" "xx_ind" 
".Call" "copy" "$<-.data.table" "$<-" "xx_ind" 
".Call" "copy" "$<-.data.table" "$<-" "xx_ind" 
".Call" "copy" "$<-.data.table" "$<-" "xx_ind" 
"exp" "xx_ind" 
".Call" "copy" "[<-.data.table" "$<-.data.table" "$<-" "xx_ind" 
"names" "match" "%in%" "[[.data.frame" "[[" "dim.data.table" "dim" "dim" "ncol" "eval" "eval" "alloc.col" "[.data.table" "[" "xx_ind" 
".Call" "copy" "[<-.data.table" "[<-" "xx_ind" 
"exp" "mat_fun" "rbinom" "xx_ind" 
".External" "rbinom" "xx_ind" 
".Call" "copy" "[<-.data.table" "$<-.data.table" "$<-" "xx_ind" 
"==" "eval" "eval" "[.data.table" "[" "xx_ind" 
"exp" "sp_fun" "rbinom" "xx_ind" 
".External" "rbinom" "xx_ind" 
".Call" "copy" "$<-.data.table" "$<-" "xx_ind" 
"match" "%in%" "[[.data.frame" "[[" "setattr" "alloc.col" "[<-.data.table" "[<-" "xx_ind" 
">" "eval" "eval" "[<-.data.table" "[<-" "xx_ind" 
".Call" "copy" "$<-.data.table" "$<-" "xx_ind" 
".External" "rbinom" "xx_ind" 
".External" "rbinom" "xx_ind" 
"match" "factor" ".Call" "rbindlist" "xx_ind" 
".Call" "[.data.table" "[" "subset.data.table" "subset" "xx_ind" 
"match" "%in%" "[[.data.frame" "[[" "is.data.table" "setattr" "alloc.col" "copy" "$<-.data.table" "$<-" "xx_ind" 
">=" "eval" "eval" "subset.data.table" "subset" "xx_ind" 
".Call" "forderv" "[.data.table" "[" "data.table" "xx_ind" 
".Call" "forderv" "[.data.table" "[" "data.table" "xx_ind" 
"is.na" "subset.data.table" "subset" "xx_ind" 
"is.na" "subset.data.table" "subset" "xx_ind" 
"is.na" "subset.data.table" "subset" "xx_ind" 
"subset.data.table" "subset" "xx_ind" 
"exp" "xx_ind" 
"setattr" "alloc.col" "copy" "$<-.data.table" "$<-" "xx_ind" 
".Call" "[.data.table" "[" "xx_ind" 
".Call" "[.data.table" "[" "xx_ind" 
"is.data.table" "setattr" "alloc.col" "[<-.data.table" "[<-" "xx_ind" 
".External" "rbinom" "xx_ind" 
".External" "rbinom" "xx_ind" 
"[[" "is.data.table" "setattr" "alloc.col" "[.data.table" "[" "nrow" "xx_ind" 
".Call" "copy" "$<-.data.table" "$<-" "xx_ind" 
".Call" "copy" "$<-.data.table" "$<-" "xx_ind" 
".Call" "copy" "$<-.data.table" "$<-" "xx_ind" 
"exp" "sp_fun" "rbinom" "xx_ind" 
".External" "rbinom" "xx_ind" 
"[[.data.frame" "[[" "setattr" "alloc.col" "[<-.data.table" "$<-.data.table" "$<-" "xx_ind" 
"==" "eval" "eval" "[.data.table" "[" "nrow" "xx_ind" 
"match" "%in%" "[[.data.frame" "[[" "is.data.table" "setattr" "alloc.col" "[<-.data.table" "$<-.data.table" "$<-" "xx_ind" 
".External" "rbinom" "xx_ind" 
".External" "rbinom" "xx_ind" 
"exp" "xx_ind" 
"[[.data.frame" "[[" "dim.data.table" "dim" "dim" "nrow" "[.data.table" "[" "subset.data.table" "subset" "xx_ind" 
"[[" "setattr" "alloc.col" "copy" "[<-.data.table" "$<-.data.table" "$<-" "xx_ind" 
"subset.data.table" "subset" "xx_ind" 
".Call" "forderv" "[.data.table" "[" "data.table" "xx_ind" 
"setattr" "alloc.col" "copy" "$<-.data.table" "$<-" "xx_ind" 
".Call" "[.data.table" "[" "subset.data.table" "subset" "xx_ind" 
"-" "xx_ind" 
".Call" "copy" "$<-.data.table" "$<-" "xx_ind" 
".Call" "[.data.table" "[" "xx_ind" 
".Call" "[.data.table" "[" "xx_ind" 
".Call" "copy" "[<-.data.table" "[<-" "xx_ind" 
".Call" "copy" "[<-.data.table" "[<-" "xx_ind" 
".Call" "copy" "[<-.data.table" "[<-" "xx_ind" 
".Call" "copy" "[<-.data.table" "[<-" "xx_ind" 
"exp" "mat_fun" "rbinom" "xx_ind" 
".External" "rbinom" "xx_ind" 
".Call" "copy" "[<-.data.table" "$<-.data.table" "$<-" "xx_ind" 
"==" "eval" "eval" "[<-.data.table" "[<-" "xx_ind" 
"exp" "sp_fun" "rbinom" "xx_ind" 
".External" "rbinom" "xx_ind" 
"options" "getOption" "eval" "alloc.col" "copy" "$<-.data.table" "$<-" "xx_ind" 
">" "eval" "eval" "[.data.table" "[" "xx_ind" 
"which" "[.data.table" "[" "nrow" "xx_ind" 
".Call" "copy" "[<-.data.table" "$<-.data.table" "$<-" "xx_ind" 
".Call" "copy" "[<-.data.table" "$<-.data.table" "$<-" "xx_ind" 
".Call" "copy" "[<-.data.table" "$<-.data.table" "$<-" "xx_ind" 
"==" "eval" "eval" "[<-.data.table" "[<-" "xx_ind" 
".External" "rbinom" "xx_ind" 
".External" "rbinom" "xx_ind" 
"[[" "setattr" "alloc.col" "setDT" "rbindlist" "xx_ind" 
"subset.data.table" "subset" "xx_ind" 
"[<-.data.table" "$<-.data.table" "$<-" "xx_ind" 
"subset.data.table" "subset" "xx_ind" 
".Call" "forderv" "[.data.table" "[" "data.table" "xx_ind" 
"length" "length" "dim.data.table" "dim" "dim" "ncol" "eval" "eval" "alloc.col" "copy" "[<-.data.table" "$<-.data.table" "$<-" "xx_ind" 
".Call" "[.data.table" "[" "subset.data.table" "subset" "xx_ind" 
".Call" "[.data.table" "[" "subset.data.table" "subset" "xx_ind" 
".Call" "[.data.table" "[" "subset.data.table" "subset" "xx_ind" 
".Call" "[.data.table" "[" "subset.data.table" "subset" "xx_ind" 
"exp" "xx_ind" 
".Call" "copy" "[<-.data.table" "$<-.data.table" "$<-" "xx_ind" 
".Call" "[.data.table" "[" "xx_ind" 
".Call" "copy" "[<-.data.table" "[<-" "xx_ind" 
"exp" "mat_fun" "rbinom" "xx_ind" 
".External" "rbinom" "xx_ind" 
".Call" "copy" "$<-.data.table" "$<-" "xx_ind" 
"==" "eval" "eval" "[.data.table" "[" "nrow" "xx_ind" 
"==" "eval" "eval" "[.data.table" "[" "nrow" "xx_ind" 
"==" "eval" "eval" "[.data.table" "[" "nrow" "xx_ind" 
"==" "eval" "eval" "[.data.table" "[" "xx_ind" 
"exp" "sp_fun" "rbinom" "xx_ind" 
".External" "rbinom" "xx_ind" 
"eval" "alloc.col" "copy" "$<-.data.table" "$<-" "xx_ind" 
".Call" "copy" "[<-.data.table" "[<-" "xx_ind" 
"is.data.table" "[.data.table" "[" "xx_ind" 
".Call" "copy" "$<-.data.table" "$<-" "xx_ind" 
".External" "rbinom" "xx_ind" 
".External" "rbinom" "xx_ind" 
".Call" "rbindlist" "xx_ind" 
".Call" "[.data.table" "[" "subset.data.table" "subset" "xx_ind" 
"as.list" "data.frame" "data.table" "xx_ind" 
"is.data.table" "setattr" "alloc.col" "[<-.data.table" "$<-.data.table" "$<-" "xx_ind" 
".Call" "rbindlist" "xx_ind" 
"[[" "setattr" "alloc.col" "[.data.table" "[" "subset.data.table" "subset" "xx_ind" 
".Call" "forderv" "[.data.table" "[" "data.table" "xx_ind" 
"factor" ".Call" "rbindlist" "xx_ind" 
".Call" "[.data.table" "[" "subset.data.table" "subset" "xx_ind" 
"exp" "xx_ind" 
".Call" "copy" "$<-.data.table" "$<-" "xx_ind" 
".Call" "copy" "$<-.data.table" "$<-" "xx_ind" 
".Call" "copy" "$<-.data.table" "$<-" "xx_ind" 
".Call" "copy" "$<-.data.table" "$<-" "xx_ind" 
">=" "eval" "eval" "[.data.table" "[" "xx_ind" 
".Call" "copy" "[<-.data.table" "$<-.data.table" "$<-" "xx_ind" 
"-" "mat_fun" "rbinom" "xx_ind" 
".External" "rbinom" "xx_ind" 
".External" "rbinom" "xx_ind" 
"<Anonymous>" "[[.data.frame" "[[" "is.data.table" "setattr" "alloc.col" "[.data.table" "[" "nrow" "xx_ind" 
"==" "eval" "eval" "[<-.data.table" "[<-" "xx_ind" 
"exp" "sp_fun" "rbinom" "xx_ind" 
".External" "rbinom" "xx_ind" 
".External" "rbinom" "xx_ind" 
">" "eval" "eval" "[.data.table" "[" "nrow" "xx_ind" 
"assign" "[.data.table" "[" "nrow" "xx_ind" 
"==" "eval" "eval" "[.data.table" "[" "xx_ind" 
"==" "eval" "eval" "[<-.data.table" "[<-" "xx_ind" 
".Call" "copy" "[<-.data.table" "[<-" "xx_ind" 
".Call" "copy" "[<-.data.table" "[<-" "xx_ind" 
".Call" "copy" "[<-.data.table" "[<-" "xx_ind" 
".External" "rbinom" "xx_ind" 
".External" "rbinom" "xx_ind" 
"<Anonymous>" "[[.data.frame" "[[" "setattr" "alloc.col" "data.table" "xx_ind" 
".Call" "rbindlist" "xx_ind" 
"as.list" "data.frame" "data.table" "xx_ind" 
".Call" "rbindlist" "xx_ind" 
".Call" "rbindlist" "xx_ind" 
".Call" "rbindlist" "xx_ind" 
".Call" "rbindlist" "xx_ind" 
".Call" "[.data.table" "[" "subset.data.table" "subset" "xx_ind" 
".Call" "forderv" "[.data.table" "[" "data.table" "xx_ind" 
"sample.int" "sample" "inits_ind" "xx_ind" 
"Ops.factor" "==" "[.data.frame" "[" "inits_ind" "xx_ind" 
"rbind" "rbind" "inits_ind" "xx_ind" 
"[[.data.frame" "[[" "setattr" "alloc.col" "copy" "$<-.data.table" "$<-" "xx_ind" 
"<Anonymous>" "[[.data.frame" "[[" "is.data.table" "setattr" "alloc.col" "setDT" "rbindlist" "xx_ind" 
"[[" "is.data.table" "setattr" "alloc.col" "[.data.table" "[" "subset.data.table" "subset" "xx_ind" 
"[[.data.frame" "[[" "setattr" "alloc.col" "[.data.table" "[" "xx_ind" 
".External" "rbinom" "xx_ind" 
".External" "rbinom" "xx_ind" 
"[[.data.frame" "[[" "setattr" "alloc.col" "[.data.table" "[" "xx_ind" 
"length" "length" "dim.data.table" "dim" "dim" "ncol" "eval" "eval" "alloc.col" "copy" "[<-.data.table" "$<-.data.table" "$<-" "xx_ind" 
".External" "rbinom" "xx_ind" 
".Call" "[.data.table" "[" "subset.data.table" "subset" "xx_ind" 
"match" "factor" ".Call" "rbindlist" "xx_ind" 
"match" "%in%" "[[.data.frame" "[[" "is.data.table" "setattr" "alloc.col" "copy" "$<-.data.table" "$<-" "xx_ind" 
"exp" "xx_ind" 
"sys.call" "match.call" "rm" "[.data.table" "[" "[<-.data.table" "[<-" "xx_ind" 
".Call" "copy" "[<-.data.table" "$<-.data.table" "$<-" "xx_ind" 
"length" "length" "dim.data.table" "dim" "dim" "nrow" "[.data.table" "[" "[<-.data.table" "[<-" "xx_ind" 
">" "eval" "eval" "[.data.table" "[" "xx_ind" 
".Call" "copy" "$<-.data.table" "$<-" "xx_ind" 
"match" "%in%" "deparse" "data.frame" "data.table" "xx_ind" 
"sys.call" "match" "%in%" "[[.data.frame" "[[" "is.data.table" "setattr" "alloc.col" "data.table" "xx_ind" 
"match" "factor" ".Call" "rbindlist" "xx_ind" 
"as.list" "data.frame" "data.table" "xx_ind" 
"exp" "xx_ind" 
"[[" "is.data.table" "setattr" "alloc.col" "copy" "$<-.data.table" "$<-" "xx_ind" 
".External" "rbinom" "xx_ind" 
"length" "length" "dim.data.table" "dim" "dim" "nrow" "[.data.table" "[" "xx_ind" 
".External" "rbinom" "xx_ind" 
"==" "force" "[.data.table" "[" "nrow" "xx_ind" 
".Call" "[<-.data.table" "[<-" "xx_ind" 
"data.table" "xx_ind" 
"as.list" "data.table" "xx_ind" 
"subset.data.table" "subset" "xx_ind" 
"[[.data.frame" "[[" "is.data.table" "setattr" "alloc.col" "[<-.data.table" "$<-.data.table" "$<-" "xx_ind" 
"<Anonymous>" "[[.data.frame" "[[" "setattr" "alloc.col" "copy" "[<-.data.table" "$<-.data.table" "$<-" "xx_ind" 
"[.data.table" "[" "xx_ind" 
"exp" "mat_fun" "rbinom" "xx_ind" 
"sys.call" "match" "%in%" "[[.data.frame" "[[" "setattr" "alloc.col" "copy" "$<-.data.table" "$<-" "xx_ind" 
"[[.data.frame" "[[" "setattr" "alloc.col" "[<-.data.table" "$<-.data.table" "$<-" "xx_ind" 
".External" "rbinom" "xx_ind" 
".Call" "copy" "$<-.data.table" "$<-" "xx_ind" 
".Call" "copy" "$<-.data.table" "$<-" "xx_ind" 
".Call" "copy" "$<-.data.table" "$<-" "xx_ind" 
"[.data.table" "[" "xx_ind" 
".External" "rbinom" "xx_ind" 
"match" "factor" ".Call" "rbindlist" "xx_ind" 
".Call" "rbindlist" "xx_ind" 
"[.data.table" "[" "data.table" "xx_ind" 
".Call" "[.data.table" "[" "subset.data.table" "subset" "xx_ind" 
"[.data.table" "[" "xx_ind" 
".Call" "copy" "[<-.data.table" "[<-" "xx_ind" 
".External" "rbinom" "xx_ind" 
".Call" "copy" "[<-.data.table" "[<-" "xx_ind" 
".Call" "copy" "$<-.data.table" "$<-" "xx_ind" 
"==" "eval" "eval" "[.data.table" "[" "nrow" "xx_ind" 
"match" "%in%" "[[.data.frame" "[[" "dim.data.table" "dim" "dim" "ncol" "eval" "eval" "alloc.col" "copy" "[<-.data.table" "$<-.data.table" "$<-" "xx_ind" 
"copy" "[<-.data.table" "$<-.data.table" "$<-" "xx_ind" 
".Call" "%chin%" "data.table" "xx_ind" 
".Call" "rbindlist" "xx_ind" 
".Call" "forderv" "[.data.table" "[" "data.table" "xx_ind" 
".Call" "[.data.table" "[" "subset.data.table" "subset" "xx_ind" 
"==" "eval" "eval" "[.data.table" "[" "xx_ind" 
".Call" "copy" "$<-.data.table" "$<-" "xx_ind" 
".External" "rbinom" "xx_ind" 
"&" "eval" "eval" "[.data.table" "[" "xx_ind" 
".External" "rbinom" "xx_ind" 
"all" "[[.data.frame" "[[" "setattr" "alloc.col" "copy" "[<-.data.table" "$<-.data.table" "$<-" "xx_ind" 
"attr" "key" "haskey" "[<-.data.table" "$<-.data.table" "$<-" "xx_ind" 
".External" "rbinom" "xx_ind" 
".Call" "rbindlist" "xx_ind" 
"data.table" "xx_ind" 
".Call" "[.data.table" "[" "subset.data.table" "subset" "xx_ind" 
".Call" "forderv" "[.data.table" "[" "data.table" "xx_ind" 
".Call" "copy" "$<-.data.table" "$<-" "xx_ind" 
".Call" "copy" "[<-.data.table" "$<-.data.table" "$<-" "xx_ind" 
"<Anonymous>" "[[.data.frame" "[[" "setattr" "alloc.col" "[<-.data.table" "[<-" "xx_ind" 
".External" "rbinom" "xx_ind" 
".Call" "[.data.table" "[" "nrow" "xx_ind" 
"exp" "sp_fun" "rbinom" "xx_ind" 
".External" "rbinom" "xx_ind" 
"==" "eval" "eval" "[.data.table" "[" "nrow" "xx_ind" 
".Call" "copy" "$<-.data.table" "$<-" "xx_ind" 
"[[" "setattr" "alloc.col" "copy" "$<-.data.table" "$<-" "xx_ind" 
".Call" "[.data.table" "[" "subset.data.table" "subset" "xx_ind" 
"[[" "is.data.table" "setattr" "alloc.col" "copy" "[<-.data.table" "$<-.data.table" "$<-" "xx_ind" 
".Call" "[.data.table" "[" "subset.data.table" "subset" "xx_ind" 
".Call" "forderv" "[.data.table" "[" "data.table" "xx_ind" 
".Call" "[.data.table" "[" "subset.data.table" "subset" "xx_ind" 
"exp" "xx_ind" 
".Call" "[.data.table" "[" "xx_ind" 
"exp" "mat_fun" "rbinom" "xx_ind" 
".External" "rbinom" "xx_ind" 
"&" "eval" "eval" "[.data.table" "[" "nrow" "xx_ind" 
"exp" "sp_fun" "rbinom" "xx_ind" 
"all" "[[.data.frame" "[[" "is.data.table" "setattr" "alloc.col" "copy" "$<-.data.table" "$<-" "xx_ind" 
">" "eval" "eval" "[.data.table" "[" "xx_ind" 
".Call" "[.data.table" "[" "xx_ind" 
".External" "rbinom" "xx_ind" 
"match" "%in%" "[[.data.frame" "[[" "setattr" "alloc.col" "data.table" "xx_ind" 
"sample.int" "sample" "xx_ind" 
"factor" ".Call" "rbindlist" "xx_ind" 
".Call" "forderv" "[.data.table" "[" "data.table" "xx_ind" 
"&" "eval" "eval" "subset.data.table" "subset" "xx_ind" 
"topenv" "cedta" "[<-.data.table" "$<-.data.table" "$<-" "xx_ind" 
"&" "eval" "eval" "[.data.table" "[" "xx_ind" 
"match" "%in%" "[[.data.frame" "[[" "is.data.table" "setattr" "alloc.col" "[<-.data.table" "$<-.data.table" "$<-" "xx_ind" 
".External" "rbinom" "xx_ind" 
"&" "eval" "eval" "[.data.table" "[" "xx_ind" 
".External" "rbinom" "xx_ind" 
".Call" "copy" "[<-.data.table" "$<-.data.table" "$<-" "xx_ind" 
".Call" "copy" "[<-.data.table" "$<-.data.table" "$<-" "xx_ind" 
".Call" "copy" "[<-.data.table" "$<-.data.table" "$<-" "xx_ind" 
">" "eval" "eval" "[.data.table" "[" "xx_ind" 
".External" "rbinom" "xx_ind" 
"match" "factor" ".Call" "rbindlist" "xx_ind" 
"exp" "xx_ind" 
"integer" "[.data.table" "[" "data.table" "xx_ind" 
"subset.data.table" "subset" "xx_ind" 
"exp" "xx_ind" 
"which" "[.data.table" "[" "xx_ind" 
".Call" "[<-.data.table" "[<-" "xx_ind" 
".External" "rbinom" "xx_ind" 
"==" "eval" "eval" "[<-.data.table" "[<-" "xx_ind" 
".External" "rbinom" "xx_ind" 
"is.data.table" "setattr" "alloc.col" "[<-.data.table" "$<-.data.table" "$<-" "xx_ind" 
".Call" "copy" "[<-.data.table" "[<-" "xx_ind" 
".External" "rbinom" "xx_ind" 
"match" "factor" ".Call" "rbindlist" "xx_ind" 
"[[.data.frame" "[[" "setattr" "alloc.col" "setDT" "rbindlist" "xx_ind" 
">=" "eval" "eval" "subset.data.table" "subset" "xx_ind" 
".Call" "forderv" "[.data.table" "[" "data.table" "xx_ind" 
".Call" "[<-.data.table" "$<-.data.table" "$<-" "xx_ind" 
"==" "eval" "eval" "[.data.table" "[" "xx_ind" 
".Call" "copy" "[<-.data.table" "$<-.data.table" "$<-" "xx_ind" 
".External" "rbinom" "xx_ind" 
"[[" "is.data.table" "setattr" "alloc.col" "copy" "[<-.data.table" "$<-.data.table" "$<-" "xx_ind" 
".Call" "copy" "[<-.data.table" "[<-" "xx_ind" 
".External" "rbinom" "xx_ind" 
"alloc.col" "copy" "$<-.data.table" "$<-" "xx_ind" 
"length" "length" "dim.data.table" "dim" "dim" "ncol" "eval" "eval" "alloc.col" "copy" "[<-.data.table" "$<-.data.table" "$<-" "xx_ind" 
".External" "rbinom" "xx_ind" 
".Call" "copy" "[<-.data.table" "$<-.data.table" "$<-" "xx_ind" 
".Call" "[.data.table" "[" "subset.data.table" "subset" "xx_ind" 
".Call" "rbindlist" "xx_ind" 
".Call" "rbindlist" "xx_ind" 
".Call" "rbindlist" "xx_ind" 
"which" "[.data.table" "[" "subset.data.table" "subset" "xx_ind" 
".Call" "forderv" "[.data.table" "[" "data.table" "xx_ind" 
"exp" "xx_ind" 
"==" "eval" "eval" "[.data.table" "[" "xx_ind" 
"eval" "alloc.col" "copy" "[<-.data.table" "[<-" "xx_ind" 
"+" "mat_fun" "rbinom" "xx_ind" 
"[[" "is.data.table" "setattr" "alloc.col" "[<-.data.table" "$<-.data.table" "$<-" "xx_ind" 
"names" "names" "chmatch" "[<-.data.table" "[<-" "xx_ind" 
".External" "rbinom" "xx_ind" 
">" "eval" "eval" "[.data.table" "[" "xx_ind" 
"&" "eval" "eval" "[<-.data.table" "[<-" "xx_ind" 
".External" "rbinom" "xx_ind" 
".Call" "rbindlist" "xx_ind" 
".Call" "[.data.table" "[" "subset.data.table" "subset" "xx_ind" 
".Call" "rbindlist" "xx_ind" 
".Call" "forderv" "[.data.table" "[" "data.table" "xx_ind" 
"c" "force" "[.data.table" "[" "subset.data.table" "subset" "xx_ind" 
"exp" "xx_ind" 
"==" "eval" "eval" "[.data.table" "[" "xx_ind" 
".Call" "copy" "[<-.data.table" "[<-" "xx_ind" 
"/" "mat_fun" "rbinom" "xx_ind" 
".Call" "copy" "[<-.data.table" "$<-.data.table" "$<-" "xx_ind" 
"options" "getOption" "[<-.data.table" "$<-.data.table" "$<-" "xx_ind" 
".Call" "copy" "[<-.data.table" "[<-" "xx_ind" 
".Call" "copy" "[<-.data.table" "[<-" "xx_ind" 
"setattr" "alloc.col" "[<-.data.table" "[<-" "xx_ind" 
".External" "rbinom" "xx_ind" 
"&" "eval" "eval" "[.data.table" "[" "nrow" "xx_ind" 
".Call" "copy" "$<-.data.table" "$<-" "xx_ind" 
".External" "rbinom" "xx_ind" 
"match" "factor" ".Call" "rbindlist" "xx_ind" 
".Call" "setattr" "alloc.col" "copy" "[<-.data.table" "$<-.data.table" "$<-" "xx_ind" 
".Call" "[.data.table" "[" "subset.data.table" "subset" "xx_ind" 
".Call" "forderv" "[.data.table" "[" "data.table" "xx_ind" 
"subset.data.table" "subset" "xx_ind" 
"exp" "xx_ind" 
">=" "eval" "eval" "[.data.table" "[" "xx_ind" 
"match" "%in%" "[[.data.frame" "[[" "is.data.table" "setattr" "alloc.col" "[<-.data.table" "[<-" "xx_ind" 
".External" "rbinom" "xx_ind" 
".Call" "copy" "[<-.data.table" "$<-.data.table" "$<-" "xx_ind" 
".Call" "setattr" "alloc.col" "copy" "$<-.data.table" "$<-" "xx_ind" 
".Call" "copy" "[<-.data.table" "[<-" "xx_ind" 
".Call" "copy" "[<-.data.table" "[<-" "xx_ind" 
".Call" "copy" "[<-.data.table" "[<-" "xx_ind" 
".External" "rbinom" "xx_ind" 
"which" "[.data.table" "[" "xx_ind" 
"==" "eval" "eval" "[.data.table" "[" "xx_ind" 
".Call" "copy" "$<-.data.table" "$<-" "xx_ind" 
".External" "rbinom" "xx_ind" 
"match" "factor" ".Call" "rbindlist" "xx_ind" 
".Call" "setattr" "alloc.col" "setDT" "rbindlist" "xx_ind" 
">=" "eval" "eval" "subset.data.table" "subset" "xx_ind" 
".Call" "forderv" "[.data.table" "[" "data.table" "xx_ind" 
"&" "eval" "eval" "subset.data.table" "subset" "xx_ind" 
"exp" "xx_ind" 
"==" "eval" "eval" "[.data.table" "[" "xx_ind" 
".Call" "copy" "$<-.data.table" "$<-" "xx_ind" 
"exp" "mat_fun" "rbinom" "xx_ind" 
".External" "rbinom" "xx_ind" 
".Call" "copy" "$<-.data.table" "$<-" "xx_ind" 
".Call" "copy" "$<-.data.table" "$<-" "xx_ind" 
".Call" "copy" "$<-.data.table" "$<-" "xx_ind" 
"==" "eval" "eval" "[<-.data.table" "[<-" "xx_ind" 
".External" "rbinom" "xx_ind" 
">" "eval" "eval" "[.data.table" "[" "nrow" "xx_ind" 
"==" "eval" "eval" "[.data.table" "[" "xx_ind" 
"[<-.data.table" "$<-.data.table" "$<-" "xx_ind" 
".External" "rbinom" "xx_ind" 
".Call" "rbindlist" "xx_ind" 
"subset.data.table" "subset" "xx_ind" 
">=" "eval" "eval" "subset.data.table" "subset" "xx_ind" 
".Call" "forderv" "[.data.table" "[" "data.table" "xx_ind" 
"<" "eval" "eval" "subset.data.table" "subset" "xx_ind" 
".Call" "copy" "[<-.data.table" "$<-.data.table" "$<-" "xx_ind" 
".Call" "copy" "[<-.data.table" "$<-.data.table" "$<-" "xx_ind" 
">=" "eval" "eval" "[.data.table" "[" "xx_ind" 
".Call" "copy" "[<-.data.table" "[<-" "xx_ind" 
".Call" "copy" "[<-.data.table" "[<-" "xx_ind" 
".Call" "copy" "[<-.data.table" "[<-" "xx_ind" 
".External" "rbinom" "xx_ind" 
"is.data.table" "setattr" "alloc.col" "copy" "$<-.data.table" "$<-" "xx_ind" 
".Call" "copy" "[<-.data.table" "[<-" "xx_ind" 
".Call" "copy" "[<-.data.table" "[<-" "xx_ind" 
".Call" "copy" "[<-.data.table" "[<-" "xx_ind" 
"exp" "sp_fun" "rbinom" "xx_ind" 
"topenv" "cedta" "$<-.data.table" "$<-" "xx_ind" 
"which" "[.data.table" "[" "nrow" "xx_ind" 
".Call" "copy" "[<-.data.table" "[<-" "xx_ind" 
".External" "rbinom" "xx_ind" 
"data.table" "xx_ind" 
"subset.data.table" "subset" "xx_ind" 
".Call" "rbindlist" "xx_ind" 
"all" "[[.data.frame" "[[" "is.data.table" "setattr" "alloc.col" "[.data.table" "[" "subset.data.table" "subset" "xx_ind" 
".Call" "forderv" "[.data.table" "[" "data.table" "xx_ind" 
".Call" "copy" "$<-.data.table" "$<-" "xx_ind" 
"exp" "xx_ind" 
"[.data.table" "[" "xx_ind" 
"[[" "setattr" "alloc.col" "copy" "[<-.data.table" "$<-.data.table" "$<-" "xx_ind" 
"exp" "mat_fun" "rbinom" "xx_ind" 
".External" "rbinom" "xx_ind" 
".Call" "copy" "[<-.data.table" "$<-.data.table" "$<-" "xx_ind" 
".Call" "copy" "[<-.data.table" "$<-.data.table" "$<-" "xx_ind" 
".Call" "copy" "[<-.data.table" "$<-.data.table" "$<-" "xx_ind" 
"&" "eval" "eval" "[<-.data.table" "[<-" "xx_ind" 
".External" "rbinom" "xx_ind" 
".Call" "copy" "[<-.data.table" "$<-.data.table" "$<-" "xx_ind" 
"==" "eval" "eval" "[.data.table" "[" "nrow" "xx_ind" 
"[[.data.frame" "[[" "dim.data.table" "dim" "dim" "nrow" "[.data.table" "[" "[<-.data.table" "[<-" "xx_ind" 
".External" "rbinom" "xx_ind" 
".Call" "copy" "[<-.data.table" "$<-.data.table" "$<-" "xx_ind" 
".Call" "copy" "[<-.data.table" "$<-.data.table" "$<-" "xx_ind" 
".Call" "copy" "[<-.data.table" "$<-.data.table" "$<-" "xx_ind" 
"match" "factor" ".Call" "rbindlist" "xx_ind" 
"sample.int" "sample" "xx_ind" 
".Call" "rbindlist" "xx_ind" 
".Call" "forderv" "[.data.table" "[" "data.table" "xx_ind" 
"&" "eval" "eval" "subset.data.table" "subset" "xx_ind" 
".Call" "copy" "[<-.data.table" "$<-.data.table" "$<-" "xx_ind" 
"seq_along" "seq_along" "alloc.col" "[<-.data.table" "$<-.data.table" "$<-" "xx_ind" 
">=" "eval" "eval" "[.data.table" "[" "xx_ind" 
"exp" "mat_fun" "rbinom" "xx_ind" 
".External" "rbinom" "xx_ind" 
".Call" "[.data.table" "[" "nrow" "xx_ind" 
"==" "eval" "eval" "[<-.data.table" "[<-" "xx_ind" 
".External" "rbinom" "xx_ind" 
".Call" "copy" "[<-.data.table" "$<-.data.table" "$<-" "xx_ind" 
"&" "eval" "eval" "[.data.table" "[" "nrow" "xx_ind" 
"&" "eval" "eval" "[<-.data.table" "[<-" "xx_ind" 
".Call" "[<-.data.table" "$<-.data.table" "$<-" "xx_ind" 
".External" "rbinom" "xx_ind" 
".Call" "copy" "$<-.data.table" "$<-" "xx_ind" 
".Call" "copy" "$<-.data.table" "$<-" "xx_ind" 
"exp" "xx_ind" 
"[[" "setattr" "alloc.col" "data.table" "xx_ind" 
".Call" "rbindlist" "xx_ind" 
".Call" "forderv" "[.data.table" "[" "data.table" "xx_ind" 
"&" "eval" "eval" "subset.data.table" "subset" "xx_ind" 
".Call" "copy" "$<-.data.table" "$<-" "xx_ind" 
".Call" "copy" "$<-.data.table" "$<-" "xx_ind" 
"sum" "xx_ind" 
"setattr" "alloc.col" "[<-.data.table" "$<-.data.table" "$<-" "xx_ind" 
".Call" "copy" "[<-.data.table" "[<-" "xx_ind" 
".Call" "copy" "[<-.data.table" "[<-" "xx_ind" 
".Call" "[<-.data.table" "[<-" "xx_ind" 
".External" "rbinom" "xx_ind" 
"sys.call" "match" "%in%" "[[.data.frame" "[[" "setattr" "alloc.col" "[<-.data.table" "$<-.data.table" "$<-" "xx_ind" 
"&" "eval" "eval" "[<-.data.table" "[<-" "xx_ind" 
".External" "rbinom" "xx_ind" 
".External" "rbinom" "xx_ind" 
">" "eval" "eval" "[<-.data.table" "[<-" "xx_ind" 
".Call" "[.data.table" "[" "xx_ind" 
"sys.call" "match" "%in%" "[[.data.frame" "[[" "dim.data.table" "dim" "dim" "ncol" "[<-.data.table" "$<-.data.table" "$<-" "xx_ind" 
".Call" "[<-.data.table" "$<-.data.table" "$<-" "xx_ind" 
".Call" "[<-.data.table" "$<-.data.table" "$<-" "xx_ind" 
".Call" "[<-.data.table" "$<-.data.table" "$<-" "xx_ind" 
".External" "rbinom" "xx_ind" 
".Call" "rbindlist" "xx_ind" 
"sample.int" "sample" "xx_ind" 
"attr" "key" "subset.data.table" "subset" "xx_ind" 
".Call" "forderv" "[.data.table" "[" "data.table" "xx_ind" 
"%in%" "[[.data.frame" "[[" "dim.data.table" "dim" "dim" "ncol" "eval" "eval" "alloc.col" "copy" "$<-.data.table" "$<-" "xx_ind" 
".Call" "[.data.table" "[" "subset.data.table" "subset" "xx_ind" 
".Call" "copy" "[<-.data.table" "$<-.data.table" "$<-" "xx_ind" 
".Call" "copy" "[<-.data.table" "$<-.data.table" "$<-" "xx_ind" 
".Call" "copy" "[<-.data.table" "$<-.data.table" "$<-" "xx_ind" 
"exp" "xx_ind" 
"topenv" "cedta" "[.data.table" "[" "xx_ind" 
"names" "match" "%in%" "[[.data.frame" "[[" "is.data.table" "setattr" "alloc.col" "[<-.data.table" "$<-.data.table" "$<-" "xx_ind" 
"exp" "mat_fun" "rbinom" "xx_ind" 
".External" "rbinom" "xx_ind" 
".External" "rbinom" "xx_ind" 
".External" "rbinom" "xx_ind" 
".Call" "copy" "$<-.data.table" "$<-" "xx_ind" 
"==" "eval" "eval" "[<-.data.table" "[<-" "xx_ind" 
"/" "sp_fun" "rbinom" "xx_ind" 
".External" "rbinom" "xx_ind" 
".Call" "copy" "[<-.data.table" "[<-" "xx_ind" 
">" "eval" "eval" "[<-.data.table" "[<-" "xx_ind" 
".Call" "copy" "[<-.data.table" "$<-.data.table" "$<-" "xx_ind" 
".External" "rbinom" "xx_ind" 
"exp" "xx_ind" 
"subset.data.table" "subset" "xx_ind" 
"exp" "xx_ind" 
"match" "factor" ".Call" "rbindlist" "xx_ind" 
"match" "factor" ".Call" "rbindlist" "xx_ind" 
".Call" "rbindlist" "xx_ind" 
".Call" "forderv" "[.data.table" "[" "data.table" "xx_ind" 
"is.data.table" "setattr" "alloc.col" "[<-.data.table" "$<-.data.table" "$<-" "xx_ind" 
"[.data.frame" "[" "inits_ind" "xx_ind" 
"rbind" "rbind" "inits_ind" "xx_ind" 
".External" "rbinom" "xx_ind" 
"as.vector" "intersect" "as.vector" "setdiff" "[.data.table" "[" "data.table" "xx_ind" 
"<Anonymous>" "[[.data.frame" "[[" "setattr" "alloc.col" "[.data.table" "[" "xx_ind" 
".External" "rbinom" "xx_ind" 
".External" "rbinom" "xx_ind" 
"which" "[.data.table" "[" "xx_ind" 
"<Anonymous>" "[[.data.frame" "[[" "setattr" "alloc.col" "copy" "[<-.data.table" "$<-.data.table" "$<-" "xx_ind" 
".Call" "copy" "[<-.data.table" "$<-.data.table" "$<-" "xx_ind" 
".Call" "forderv" "[.data.table" "[" "data.table" "xx_ind" 
"[[" "dim.data.table" "dim" "dim" "ncol" "eval" "eval" "alloc.col" "copy" "$<-.data.table" "$<-" "xx_ind" 
".Call" "[<-.data.table" "[<-" "xx_ind" 
"&" "eval" "eval" "[.data.table" "[" "xx_ind" 
".Call" "copy" "$<-.data.table" "$<-" "xx_ind" 
"[[" "is.data.table" "setattr" "alloc.col" "[<-.data.table" "$<-.data.table" "$<-" "xx_ind" 
".Call" "rbindlist" "xx_ind" 
"isNamespace" "asNamespace" "getNamespaceInfo" "getNamespaceName" "cedta" "[<-.data.table" "$<-.data.table" "$<-" "xx_ind" 
"eval" "eval" "alloc.col" "data.table" "xx_ind" 
"exp" "xx_ind" 
"seq_along" "seq_along" "alloc.col" "copy" "[<-.data.table" "$<-.data.table" "$<-" "xx_ind" 
"==" "eval" "eval" "[.data.table" "[" "nrow" "xx_ind" 
".External" "rbinom" "xx_ind" 
">" "eval" "eval" "[.data.table" "[" "nrow" "xx_ind" 
".External" "rbinom" "xx_ind" 
".Call" "[.data.table" "[" "subset.data.table" "subset" "xx_ind" 
"match" "%in%" "[[.data.frame" "[[" "dim.data.table" "dim" "dim" "ncol" "subset.data.table" "subset" "xx_ind" 
".Call" "[.data.table" "[" "subset.data.table" "subset" "xx_ind" 
"setattr" "alloc.col" "[<-.data.table" "$<-.data.table" "$<-" "xx_ind" 
"exp" "mat_fun" "rbinom" "xx_ind" 
"==" "eval" "eval" "[.data.table" "[" "xx_ind" 
".External" "rbinom" "xx_ind" 
"==" "eval" "eval" "[.data.table" "[" "nrow" "xx_ind" 
"max" "eval" "eval" "alloc.col" "[.data.table" "[" "nrow" "xx_ind" 
"max" "eval" "eval" "alloc.col" "[.data.table" "[" "nrow" "xx_ind" 
".Call" "setattr" "alloc.col" "copy" "$<-.data.table" "$<-" "xx_ind" 
".Call" "copy" "[<-.data.table" "$<-.data.table" "$<-" "xx_ind" 
"exp" "xx_ind" 
".Call" "forderv" "[.data.table" "[" "data.table" "xx_ind" 
".Call" "copy" "[<-.data.table" "$<-.data.table" "$<-" "xx_ind" 
">=" "eval" "eval" "[.data.table" "[" "xx_ind" 
".External" "rbinom" "xx_ind" 
"[[" "setattr" "alloc.col" "copy" "[<-.data.table" "[<-" "xx_ind" 
".Call" "copy" "[<-.data.table" "$<-.data.table" "$<-" "xx_ind" 
"&" "eval" "eval" "[.data.table" "[" "xx_ind" 
".External" "rbinom" "xx_ind" 
".Call" "[.data.table" "[" "subset.data.table" "subset" "xx_ind" 
"<Anonymous>" "[[.data.frame" "[[" "[.data.table" "[" "subset.data.table" "subset" "xx_ind" 
".Call" "[.data.table" "[" "subset.data.table" "subset" "xx_ind" 
".Call" "copy" "[<-.data.table" "$<-.data.table" "$<-" "xx_ind" 
"[[.data.frame" "[[" "dim.data.table" "dim" "dim" "ncol" "eval" "eval" "alloc.col" "copy" "[<-.data.table" "[<-" "xx_ind" 
".Call" "copy" "$<-.data.table" "$<-" "xx_ind" 
"==" "eval" "eval" "[<-.data.table" "[<-" "xx_ind" 
"xx_ind" 
"&" "eval" "eval" "[<-.data.table" "[<-" "xx_ind" 
".Call" "copy" "$<-.data.table" "$<-" "xx_ind" 
".Call" "[.data.table" "[" "subset.data.table" "subset" "xx_ind" 
"dim" "dim" "ncol" "eval" "eval" "alloc.col" "setDT" "rbindlist" "xx_ind" 
"lapply" "unlist" "unique" "simplify2array" "sapply" "rm" "approxfun" "xx_ind" 
"exp" "xx_ind" 
"[[" "dim.data.table" "dim" "dim" "nrow" "[.data.table" "[" "xx_ind" 
"exp" "mat_fun" "rbinom" "xx_ind" 
"&" "eval" "eval" "[.data.table" "[" "xx_ind" 
".External" "rbinom" "xx_ind" 
"sys.call" "match" "%in%" "[[.data.frame" "[[" "is.data.table" "setattr" "alloc.col" "[.data.table" "[" "nrow" "xx_ind" 
".Call" "copy" "[<-.data.table" "[<-" "xx_ind" 
".Call" "data.table" "data.table" "xx_ind" 
".Call" "[.data.table" "[" "subset.data.table" "subset" "xx_ind" 
"[[.data.frame" "[[" "is.data.table" "setattr" "alloc.col" "setDT" "rbindlist" "xx_ind" 
".Call" "forderv" "[.data.table" "[" "data.table" "xx_ind" 
".Call" "copy" "$<-.data.table" "$<-" "xx_ind" 
".Call" "[.data.table" "[" "xx_ind" 
".Call" "[<-.data.table" "[<-" "xx_ind" 
".External" "rbinom" "xx_ind" 
".Call" "setattr" "alloc.col" "[<-.data.table" "$<-.data.table" "$<-" "xx_ind" 
".External" "rbinom" "xx_ind" 
">" "eval" "eval" "[.data.table" "[" "xx_ind" 
"match" "%in%" "[[.data.frame" "[[" "dim.data.table" "dim" "dim" "ncol" "eval" "eval" "alloc.col" "copy" "$<-.data.table" "$<-" "xx_ind" 
"<Anonymous>" "[[.data.frame" "[[" "setattr" "alloc.col" "setDT" "rbindlist" "xx_ind" 
".Call" "copy" "$<-.data.table" "$<-" "xx_ind" 
"topenv" "cedta" "[.data.table" "[" "subset.data.table" "subset" "xx_ind" 
".Call" "setattr" "alloc.col" "data.table" "xx_ind" 
"match" "%in%" "[[.data.frame" "[[" "setattr" "alloc.col" "copy" "[<-.data.table" "$<-.data.table" "$<-" "xx_ind" 
"==" "eval" "eval" "[.data.table" "[" "xx_ind" 
".Call" "copy" "[<-.data.table" "[<-" "xx_ind" 
".External" "rbinom" "xx_ind" 
"which" "[.data.table" "[" "[<-.data.table" "[<-" "xx_ind" 
".External" "rbinom" "xx_ind" 
"&" "eval" "eval" "[.data.table" "[" "nrow" "xx_ind" 
".External" "rbinom" "xx_ind" 
"data.frame" "data.table" "xx_ind" 
"%in%" "[[.data.frame" "[[" "setattr" "alloc.col" "[<-.data.table" "$<-.data.table" "$<-" "xx_ind" 
".Call" "[.data.table" "[" "subset.data.table" "subset" "xx_ind" 
"data.frame" "data.table" "xx_ind" 
"exp" "xx_ind" 
"[.data.table" "[" "xx_ind" 
"[[.data.frame" "[[" "setattr" "alloc.col" "[<-.data.table" "[<-" "xx_ind" 
".Call" "copy" "$<-.data.table" "$<-" "xx_ind" 
".Call" "copy" "[<-.data.table" "$<-.data.table" "$<-" "xx_ind" 
".Call" "copy" "[<-.data.table" "$<-.data.table" "$<-" "xx_ind" 
"match" "%in%" "[[.data.frame" "[[" "dim.data.table" "dim" "dim" "nrow" "[.data.table" "[" "xx_ind" 
".External" "rbinom" "xx_ind" 
">" "eval" "eval" "[.data.table" "[" "xx_ind" 
"which" "[.data.table" "[" "[<-.data.table" "[<-" "xx_ind" 
".External" "rbinom" "xx_ind" 
".Call" "[.data.table" "[" "subset.data.table" "subset" "xx_ind" 
".Call" "rbindlist" "xx_ind" 
".Call" "forderv" "[.data.table" "[" "data.table" "xx_ind" 
".Call" "[.data.table" "[" "subset.data.table" "subset" "xx_ind" 
"$<-.data.table" "$<-" "xx_ind" 
"length" "length" "dim.data.table" "dim" "dim" "nrow" "[.data.table" "[" "[<-.data.table" "[<-" "xx_ind" 
".External" "rbinom" "xx_ind" 
"&" "eval" "eval" "[.data.table" "[" "xx_ind" 
".External" "rbinom" "xx_ind" 
"setattr" "alloc.col" "[.data.table" "[" "nrow" "xx_ind" 
"length" "length" "dim.data.table" "dim" "dim" "nrow" ".set_row_names" "setattr" "[.data.table" "[" "xx_ind" 
".External" "rbinom" "xx_ind" 
".Call" "rbindlist" "xx_ind" 
"dim" "dim" "ncol" "[<-.data.table" "$<-.data.table" "$<-" "xx_ind" 
".Call" "[.data.table" "[" "subset.data.table" "subset" "xx_ind" 
"==" "eval" "eval" "subset.data.table" "subset" "xx_ind" 
"exp" "xx_ind" 
".Call" "copy" "[<-.data.table" "$<-.data.table" "$<-" "xx_ind" 
".Call" "setattr" "alloc.col" "copy" "[<-.data.table" "$<-.data.table" "$<-" "xx_ind" 
".External" "rbinom" "xx_ind" 
"which" "[.data.table" "[" "nrow" "xx_ind" 
".Call" "setattr" "alloc.col" "copy" "[<-.data.table" "[<-" "xx_ind" 
".External" "rbinom" "xx_ind" 
"setattr" "copy" "$<-.data.table" "$<-" "xx_ind" 
".Call" "copy" "[<-.data.table" "[<-" "xx_ind" 
".External" "rbinom" "xx_ind" 
"length" "length" "dim.data.table" "dim" "dim" "ncol" "[<-.data.table" "$<-.data.table" "$<-" "xx_ind" 
".Call" "[<-.data.table" "$<-.data.table" "$<-" "xx_ind" 
".Call" "[<-.data.table" "$<-.data.table" "$<-" "xx_ind" 
".Call" "[.data.table" "[" "subset.data.table" "subset" "xx_ind" 
".Call" "rbindlist" "xx_ind" 
".Call" "forderv" "[.data.table" "[" "data.table" "xx_ind" 
".Call" "copy" "$<-.data.table" "$<-" "xx_ind" 
".Call" "copy" "[<-.data.table" "$<-.data.table" "$<-" "xx_ind" 
".Call" "copy" "[<-.data.table" "[<-" "xx_ind" 
"/" "mat_fun" "rbinom" "xx_ind" 
"&" "eval" "eval" "[.data.table" "[" "nrow" "xx_ind" 
".Call" "copy" "[<-.data.table" "[<-" "xx_ind" 
".External" "rbinom" "xx_ind" 
".Call" "copy" "[<-.data.table" "$<-.data.table" "$<-" "xx_ind" 
".Call" "copy" "[<-.data.table" "$<-.data.table" "$<-" "xx_ind" 
".Call" "copy" "[<-.data.table" "$<-.data.table" "$<-" "xx_ind" 
"==" "eval" "eval" "[.data.table" "[" "xx_ind" 
".External" "rbinom" "xx_ind" 
"max" "eval" "eval" "alloc.col" "[<-.data.table" "$<-.data.table" "$<-" "xx_ind" 
"sample.int" "sample" "xx_ind" 
".Call" "rbindlist" "xx_ind" 
".Call" "forderv" "[.data.table" "[" "data.table" "xx_ind" 
".Call" "[.data.table" "[" "subset.data.table" "subset" "xx_ind" 
"exp" "xx_ind" 
".Call" "[.data.table" "[" "xx_ind" 
"exp" "mat_fun" "rbinom" "xx_ind" 
".External" "rbinom" "xx_ind" 
"sys.call" "match" "%in%" "[[.data.frame" "[[" "is.data.table" "setattr" "alloc.col" "[.data.table" "[" "xx_ind" 
".External" "rbinom" "xx_ind" 
">" "eval" "eval" "[.data.table" "[" "nrow" "xx_ind" 
"==" "eval" "eval" "[.data.table" "[" "xx_ind" 
".Call" "copy" "[<-.data.table" "$<-.data.table" "$<-" "xx_ind" 
".Call" "copy" "[<-.data.table" "$<-.data.table" "$<-" "xx_ind" 
".Call" "[.data.table" "[" "subset.data.table" "subset" "xx_ind" 
".Call" "rbindlist" "xx_ind" 
".Call" "forderv" "[.data.table" "[" "data.table" "xx_ind" 
"subset.data.table" "subset" "xx_ind" 
"exp" "xx_ind" 
".Call" "copy" "[<-.data.table" "$<-.data.table" "$<-" "xx_ind" 
"all" "[[.data.frame" "[[" "setattr" "alloc.col" "copy" "$<-.data.table" "$<-" "xx_ind" 
"exp" "mat_fun" "rbinom" "xx_ind" 
".Call" "copy" "$<-.data.table" "$<-" "xx_ind" 
"match" "%in%" "[[.data.frame" "[[" "setattr" "alloc.col" "copy" "$<-.data.table" "$<-" "xx_ind" 
".Call" "copy" "[<-.data.table" "[<-" "xx_ind" 
".Call" "copy" "[<-.data.table" "[<-" "xx_ind" 
"alloc.col" "[<-.data.table" "[<-" "xx_ind" 
".External" "rbinom" "xx_ind" 
"==" "eval" "eval" "[.data.table" "[" "nrow" "xx_ind" 
".Call" "copy" "[<-.data.table" "$<-.data.table" "$<-" "xx_ind" 
".External" "rbinom" "xx_ind" 
".Call" "alloc.col" "setDT" "rbindlist" "xx_ind" 
".Call" "copy" "$<-.data.table" "$<-" "xx_ind" 
"subset.data.table" "subset" "xx_ind" 
"subset.data.table" "subset" "xx_ind" 
"subset.data.table" "subset" "xx_ind" 
".Call" "forderv" "[.data.table" "[" "data.table" "xx_ind" 
"subset.data.table" "subset" "xx_ind" 
"exp" "xx_ind" 
"nrow" ".set_row_names" "setattr" "[.data.table" "[" "xx_ind" 
"mat_fun" "rbinom" "xx_ind" 
".External" "rbinom" "xx_ind" 
"==" "eval" "eval" "[.data.table" "[" "xx_ind" 
"*" "sp_fun" "rbinom" "xx_ind" 
".External" "rbinom" "xx_ind" 
".Call" "copy" "[<-.data.table" "[<-" "xx_ind" 
"[[" "is.data.table" "setattr" "alloc.col" "copy" "[<-.data.table" "[<-" "xx_ind" 
".External" "rbinom" "xx_ind" 
".Call" "rbindlist" "xx_ind" 
".Call" "[.data.table" "[" "subset.data.table" "subset" "xx_ind" 
"isBaseNamespace" "asNamespace" "getNamespaceInfo" "getNamespaceName" "cedta" "[.data.table" "[" "subset.data.table" "subset" "xx_ind" 
".Call" "forderv" "[.data.table" "[" "data.table" "xx_ind" 
".Call" "[.data.table" "[" "subset.data.table" "subset" "xx_ind" 
".Call" "copy" "$<-.data.table" "$<-" "xx_ind" 
"which" "[.data.table" "[" "xx_ind" 
"dim" "dim" "nrow" "assign" "[.data.table" "[" "[<-.data.table" "[<-" "xx_ind" 
"exp" "mat_fun" "rbinom" "xx_ind" 
".Call" "copy" "$<-.data.table" "$<-" "xx_ind" 
".Call" "copy" "$<-.data.table" "$<-" "xx_ind" 
".Call" "copy" "$<-.data.table" "$<-" "xx_ind" 
"&" "eval" "eval" "[.data.table" "[" "xx_ind" 
".External" "rbinom" "xx_ind" 
"%in%" "[[.data.frame" "[[" "dim.data.table" "dim" "dim" "nrow" "[.data.table" "[" "nrow" "xx_ind" 
"==" "eval" "eval" "[.data.table" "[" "xx_ind" 
".External" "rbinom" "xx_ind" 
".Call" "copy" "$<-.data.table" "$<-" "xx_ind" 
".Call" "[.data.table" "[" "subset.data.table" "subset" "xx_ind" 
".Call" "rbindlist" "xx_ind" 
".Call" "[.data.table" "[" "subset.data.table" "subset" "xx_ind" 
".Call" "forderv" "[.data.table" "[" "data.table" "xx_ind" 
".subset2" "<Anonymous>" "[[.data.frame" "[[" "is.data.table" "setattr" "alloc.col" "[<-.data.table" "$<-.data.table" "$<-" "xx_ind" 
"sys.call" "match" "%in%" "[[.data.frame" "[[" "setattr" "alloc.col" "copy" "[<-.data.table" "$<-.data.table" "$<-" "xx_ind" 
".Call" "[.data.table" "[" "xx_ind" 
".Call" "[.data.table" "[" "xx_ind" 
".Call" "[.data.table" "[" "xx_ind" 
"*" "mat_fun" "rbinom" "xx_ind" 
".External" "rbinom" "xx_ind" 
"&" "eval" "eval" "[.data.table" "[" "xx_ind" 
"exp" "sp_fun" "rbinom" "xx_ind" 
".External" "rbinom" "xx_ind" 
"&" "eval" "eval" "[.data.table" "[" "nrow" "xx_ind" 
"[[" "setattr" "alloc.col" "[<-.data.table" "[<-" "xx_ind" 
".External" "rbinom" "xx_ind" 
"factor" ".Call" "rbindlist" "xx_ind" 
".Call" "[.data.table" "[" "subset.data.table" "subset" "xx_ind" 
".Call" "rbindlist" "xx_ind" 
".Call" "forderv" "[.data.table" "[" "data.table" "xx_ind" 
"<" "eval" "eval" "subset.data.table" "subset" "xx_ind" 
".subset2" "<Anonymous>" "[[.data.frame" "[[" "setattr" "alloc.col" "copy" "$<-.data.table" "$<-" "xx_ind" 
"[[" "setattr" "alloc.col" "copy" "$<-.data.table" "$<-" "xx_ind" 
">=" "eval" "eval" "[.data.table" "[" "xx_ind" 
".Call" "copy" "$<-.data.table" "$<-" "xx_ind" 
".Call" "copy" "$<-.data.table" "$<-" "xx_ind" 
".Call" "copy" "$<-.data.table" "$<-" "xx_ind" 
"exp" "mat_fun" "rbinom" "xx_ind" 
".External" "rbinom" "xx_ind" 
"&" "eval" "eval" "[<-.data.table" "[<-" "xx_ind" 
".External" "rbinom" "xx_ind" 
"length" "unique" "setdiff" "[<-.data.table" "$<-.data.table" "$<-" "xx_ind" 
"which" "[.data.table" "[" "nrow" "xx_ind" 
".Call" ".approxfun" "surv_fun" "xx_ind" 
".External" "rbinom" "xx_ind" 
"exp" "xx_ind" 
".Call" "[.data.table" "[" "subset.data.table" "subset" "xx_ind" 
".Call" "rbindlist" "xx_ind" 
"alloc.col" "null.data.table" "[.data.table" "[" "data.table" "xx_ind" 
"names" "names" "data.table" "xx_ind" 
".Call" "copy" "[<-.data.table" "$<-.data.table" "$<-" "xx_ind" 
".Call" "copy" "$<-.data.table" "$<-" "xx_ind" 
".Call" "copy" "[<-.data.table" "$<-.data.table" "$<-" "xx_ind" 
".Call" "copy" "[<-.data.table" "$<-.data.table" "$<-" "xx_ind" 
"&" "eval" "eval" "[.data.table" "[" "xx_ind" 
".Call" "[<-.data.table" "[<-" "xx_ind" 
".External" "rbinom" "xx_ind" 
".Call" "copy" "[<-.data.table" "$<-.data.table" "$<-" "xx_ind" 
".Call" "copy" "[<-.data.table" "[<-" "xx_ind" 
".External" "rbinom" "xx_ind" 
".Call" "copy" "$<-.data.table" "$<-" "xx_ind" 
".Call" "copy" "$<-.data.table" "$<-" "xx_ind" 
".Call" "copy" "$<-.data.table" "$<-" "xx_ind" 
"is.data.table" "setattr" "alloc.col" "copy" "[<-.data.table" "[<-" "xx_ind" 
".Call" "copy" "[<-.data.table" "[<-" "xx_ind" 
".External" "rbinom" "xx_ind" 
".External" "rbinom" "xx_ind" 
".Call" "rbindlist" "xx_ind" 
".Call" "[.data.table" "[" "subset.data.table" "subset" "xx_ind" 
">=" "eval" "eval" "subset.data.table" "subset" "xx_ind" 
"setattr" "alloc.col" "[.data.table" "[" "subset.data.table" "subset" "xx_ind" 
"length" "length" "dim.data.table" "dim" "dim" "ncol" "eval" "eval" "alloc.col" "[.data.table" "[" "data.table" "xx_ind" 
